<?xml version="1.0" encoding="UTF-8"?>
<!-- Generated by org.testng.reporters.JUnitXMLReporter -->
<testsuite ignored="0" hostname="EPINHYDW184A" failures="0" tests="39" name="Controller Unit Tests" time="0.221" errors="0" timestamp="2026-02-25T21:34:18 IST">
  <testcase classname="com.epam.elms.unit.controller.AuthControllerTest" name="login_delegatesToServiceOnce" time="0.012"/>
  <testcase classname="com.epam.elms.unit.controller.AuthControllerTest" name="login_serviceThrows_propagatesException" time="0.002"/>
  <testcase classname="com.epam.elms.unit.controller.AuthControllerTest" name="login_validRequest_returns200WithBody" time="0.001"/>
  <testcase classname="com.epam.elms.unit.controller.AuthControllerTest" name="logout_always_returns200" time="0.002"/>
  <testcase classname="com.epam.elms.unit.controller.AuthControllerTest" name="logout_stateless_noServiceCallMade" time="0.0"/>
  <testcase classname="com.epam.elms.unit.controller.AuthControllerTest" name="register_delegatesToServiceOnce" time="0.001"/>
  <testcase classname="com.epam.elms.unit.controller.AuthControllerTest" name="register_responseBody_containsAssignedId" time="0.0"/>
  <testcase classname="com.epam.elms.unit.controller.AuthControllerTest" name="register_serviceThrows_propagatesException" time="0.002"/>
  <testcase classname="com.epam.elms.unit.controller.AuthControllerTest" name="register_validRequest_returns200WithEmployee" time="0.0"/>
  <testcase classname="com.epam.elms.unit.controller.LeaveControllerTest" name="applyLeave_serviceThrows_propagatesException" time="0.001"/>
  <testcase classname="com.epam.elms.unit.controller.LeaveControllerTest" name="applyLeave_validDto_returns200WithMessage" time="0.0"/>
  <testcase classname="com.epam.elms.unit.controller.LeaveControllerTest" name="approveLeave_serviceThrows_propagatesException" time="0.001"/>
  <testcase classname="com.epam.elms.unit.controller.LeaveControllerTest" name="approveLeave_validId_returns200WithMessage" time="0.0"/>
  <testcase classname="com.epam.elms.unit.controller.LeaveControllerTest" name="getEmployeeLeaves_noLeaves_returnsEmptyList" time="0.0"/>
  <testcase classname="com.epam.elms.unit.controller.LeaveControllerTest" name="getEmployeeLeaves_returnsListFromService" time="0.002"/>
  <testcase classname="com.epam.elms.unit.controller.LeaveControllerTest" name="getPendingLeaves_empty_returns200EmptyList" time="0.0"/>
  <testcase classname="com.epam.elms.unit.controller.LeaveControllerTest" name="getPendingLeaves_returns200WithDtoList" time="0.0"/>
  <testcase classname="com.epam.elms.unit.controller.LeaveControllerTest" name="rejectLeave_serviceThrows_propagatesException" time="0.002"/>
  <testcase classname="com.epam.elms.unit.controller.LeaveControllerTest" name="rejectLeave_validId_returns200WithMessage" time="0.0"/>
  <testcase classname="com.epam.elms.unit.controller.AdminControllerTest" name="adjustLeaveBalance_delegatesToService" time="0.003"/>
  <testcase classname="com.epam.elms.unit.controller.AdminControllerTest" name="adjustLeaveBalance_serviceThrows_propagatesException" time="0.001"/>
  <testcase classname="com.epam.elms.unit.controller.AdminControllerTest" name="adjustLeaveBalance_validParams_returns200" time="0.0"/>
  <testcase classname="com.epam.elms.unit.controller.AdminControllerTest" name="adjustLeaveBalance_zeroAmount_returns200" time="0.0"/>
  <testcase classname="com.epam.elms.unit.controller.AdminControllerTest" name="createLeaveType_delegatesToService" time="0.0"/>
  <testcase classname="com.epam.elms.unit.controller.AdminControllerTest" name="createLeaveType_serviceThrows_propagatesException" time="0.0"/>
  <testcase classname="com.epam.elms.unit.controller.AdminControllerTest" name="createLeaveType_validParams_returns200" time="0.001"/>
  <testcase classname="com.epam.elms.unit.controller.AdminControllerTest" name="setRole_delegatesToService" time="0.001"/>
  <testcase classname="com.epam.elms.unit.controller.AdminControllerTest" name="setRole_serviceThrows_propagatesException" time="0.001"/>
  <testcase classname="com.epam.elms.unit.controller.AdminControllerTest" name="setRole_validParams_returns200" time="0.001"/>
  <testcase classname="com.epam.elms.unit.controller.LeaveBalanceControllerTest" name="getBalance_delegatesToServiceOnce" time="0.002"/>
  <testcase classname="com.epam.elms.unit.controller.LeaveBalanceControllerTest" name="getBalance_multipleBalances_returnsAllEntries" time="0.0"/>
  <testcase classname="com.epam.elms.unit.controller.LeaveBalanceControllerTest" name="getBalance_noBalances_returns200EmptyList" time="0.001"/>
  <testcase classname="com.epam.elms.unit.controller.LeaveBalanceControllerTest" name="getBalance_serviceThrows_propagatesException" time="0.0"/>
  <testcase classname="com.epam.elms.unit.controller.LeaveBalanceControllerTest" name="getBalance_validEmployeeId_returns200WithList" time="0.0"/>
  <testcase classname="com.epam.elms.unit.controller.ReportControllerTest" name="getLeaveReports_delegatesToServiceOnce" time="0.001"/>
  <testcase classname="com.epam.elms.unit.controller.ReportControllerTest" name="getLeaveReports_mixedStatuses_returnsAll" time="0.0"/>
  <testcase classname="com.epam.elms.unit.controller.ReportControllerTest" name="getLeaveReports_noLeaves_returns200EmptyList" time="0.0"/>
  <testcase classname="com.epam.elms.unit.controller.ReportControllerTest" name="getLeaveReports_returns200WithList" time="0.001"/>
  <testcase classname="com.epam.elms.unit.controller.ReportControllerTest" name="getLeaveReports_serviceThrows_propagatesException" time="0.001"/>
</testsuite> <!-- Controller Unit Tests -->
