<?xml version="1.0" encoding="UTF-8"?>
<!-- Generated by org.testng.reporters.JUnitXMLReporter -->
<testsuite ignored="0" hostname="EPINHYDW184A" failures="0" tests="58" name="Service Unit Tests" time="1.631" errors="0" timestamp="2026-02-25T21:34:18 IST">
  <testcase classname="com.epam.elms.unit.service.AuthServiceImplTest" name="login_employeeRole_isReturnedInResponse" time="0.127"/>
  <testcase classname="com.epam.elms.unit.service.AuthServiceImplTest" name="login_unknownEmail_throwsException" time="0.007"/>
  <testcase classname="com.epam.elms.unit.service.AuthServiceImplTest" name="login_validCredentials_returnsLoginResponse" time="0.004"/>
  <testcase classname="com.epam.elms.unit.service.AuthServiceImplTest" name="login_wrongPassword_throwsException" time="0.001"/>
  <testcase classname="com.epam.elms.unit.service.AuthServiceImplTest" name="register_newEmployee_savesAndCreatesBalances" time="0.012"/>
  <testcase classname="com.epam.elms.unit.service.AuthServiceImplTest" name="register_noRoleProvided_defaultsToEmployee" time="0.001"/>
  <testcase classname="com.epam.elms.unit.service.AuthServiceImplTest" name="register_passwordIsEncoded" time="0.003"/>
  <testcase classname="com.epam.elms.unit.service.LeaveRequestServiceImplTest" name="applyLeave_insufficientBalance_throwsIllegalArgumentException" time="0.005"/>
  <testcase classname="com.epam.elms.unit.service.LeaveRequestServiceImplTest" name="applyLeave_pastStartDate_throwsIllegalArgumentException" time="0.002"/>
  <testcase classname="com.epam.elms.unit.service.LeaveRequestServiceImplTest" name="applyLeave_unknownEmployee_throwsException" time="0.001"/>
  <testcase classname="com.epam.elms.unit.service.LeaveRequestServiceImplTest" name="applyLeave_unknownLeaveType_throwsException" time="0.001"/>
  <testcase classname="com.epam.elms.unit.service.LeaveRequestServiceImplTest" name="applyLeave_validRequest_savesLeaveRequest" time="0.005"/>
  <testcase classname="com.epam.elms.unit.service.LeaveRequestServiceImplTest" name="applyLeave_variousDurations_succeeds" time="0.002"/>
  <testcase classname="com.epam.elms.unit.service.LeaveRequestServiceImplTest" name="applyLeave_variousDurations_succeeds" time="0.001"/>
  <testcase classname="com.epam.elms.unit.service.LeaveRequestServiceImplTest" name="approveLeave_alreadyApprovedRequest_throwsException" time="0.002"/>
  <testcase classname="com.epam.elms.unit.service.LeaveRequestServiceImplTest" name="approveLeave_notFound_throwsException" time="0.001"/>
  <testcase classname="com.epam.elms.unit.service.LeaveRequestServiceImplTest" name="approveLeave_pendingRequest_approvesAndDeductsBalance" time="0.008"/>
  <testcase classname="com.epam.elms.unit.service.LeaveRequestServiceImplTest" name="getEmployeeLeaves_existingEmployee_returnsList" time="0.007"/>
  <testcase classname="com.epam.elms.unit.service.LeaveRequestServiceImplTest" name="getEmployeeLeaves_noRequests_returnsEmptyList" time="0.0"/>
  <testcase classname="com.epam.elms.unit.service.LeaveRequestServiceImplTest" name="getPendingLeaves_noPendingRequests_returnsEmptyList" time="0.001"/>
  <testcase classname="com.epam.elms.unit.service.LeaveRequestServiceImplTest" name="getPendingLeaves_withPendingRequests_returnsDtoList" time="0.0"/>
  <testcase classname="com.epam.elms.unit.service.LeaveRequestServiceImplTest" name="rejectLeave_alreadyRejected_throwsException" time="0.001"/>
  <testcase classname="com.epam.elms.unit.service.LeaveRequestServiceImplTest" name="rejectLeave_pendingRequest_setsStatusRejected" time="0.001"/>
  <testcase classname="com.epam.elms.unit.service.LeaveServiceImplTest" name="applyLeaveForUser_insufficientBalance_throwsBusinessException" time="0.002"/>
  <testcase classname="com.epam.elms.unit.service.LeaveServiceImplTest" name="applyLeaveForUser_pastDate_throwsBusinessException" time="0.002"/>
  <testcase classname="com.epam.elms.unit.service.LeaveServiceImplTest" name="applyLeaveForUser_unknownEmail_throwsBusinessException" time="0.0"/>
  <testcase classname="com.epam.elms.unit.service.LeaveServiceImplTest" name="applyLeaveForUser_unknownLeaveType_throwsBusinessException" time="0.001"/>
  <testcase classname="com.epam.elms.unit.service.LeaveServiceImplTest" name="applyLeaveForUser_valid_savesPendingRequest" time="0.002"/>
  <testcase classname="com.epam.elms.unit.service.LeaveServiceImplTest" name="approveLeave_alreadyProcessed_throwsBusinessException" time="0.001"/>
  <testcase classname="com.epam.elms.unit.service.LeaveServiceImplTest" name="approveLeave_notFound_throwsBusinessException" time="0.0"/>
  <testcase classname="com.epam.elms.unit.service.LeaveServiceImplTest" name="approveLeave_pendingRequest_approvesAndDeductsBalance" time="0.002"/>
  <testcase classname="com.epam.elms.unit.service.LeaveServiceImplTest" name="findLeavesForEmployee_returnsRepositoryResult" time="0.002"/>
  <testcase classname="com.epam.elms.unit.service.LeaveServiceImplTest" name="getLeaveBalances_noBalances_returnsEmpty" time="0.0"/>
  <testcase classname="com.epam.elms.unit.service.LeaveServiceImplTest" name="getLeaveBalances_returnsBalanceList" time="0.001"/>
  <testcase classname="com.epam.elms.unit.service.LeaveServiceImplTest" name="rejectLeave_notPending_throwsBusinessException" time="0.001"/>
  <testcase classname="com.epam.elms.unit.service.LeaveServiceImplTest" name="rejectLeave_pendingRequest_setsRejectedWithComment" time="0.0"/>
  <testcase classname="com.epam.elms.unit.service.AdminServiceImplTest" name="adjustLeaveBalance_existingBalance_updatesAmount" time="0.0"/>
  <testcase classname="com.epam.elms.unit.service.AdminServiceImplTest" name="adjustLeaveBalance_notFound_throwsRuntimeException" time="0.001"/>
  <testcase classname="com.epam.elms.unit.service.AdminServiceImplTest" name="adjustLeaveBalance_zeroAmount_setsZero" time="0.0"/>
  <testcase classname="com.epam.elms.unit.service.AdminServiceImplTest" name="createLeaveType_multipleTypes_eachSavedSeparately" time="0.001"/>
  <testcase classname="com.epam.elms.unit.service.AdminServiceImplTest" name="createLeaveType_validArgs_savesLeaveType" time="0.001"/>
  <testcase classname="com.epam.elms.unit.service.AdminServiceImplTest" name="setRole_duplicateRole_remainsIdempotent" time="0.003"/>
  <testcase classname="com.epam.elms.unit.service.AdminServiceImplTest" name="setRole_employeeNotFound_throwsRuntimeException" time="0.002"/>
  <testcase classname="com.epam.elms.unit.service.AdminServiceImplTest" name="setRole_existingEmployee_addsRole" time="0.002"/>
  <testcase classname="com.epam.elms.unit.service.ReportServiceImplTest" name="getLeaveSummary_mixedStatuses_allIncluded" time="0.0"/>
  <testcase classname="com.epam.elms.unit.service.ReportServiceImplTest" name="getLeaveSummary_noRequests_returnsEmptyList" time="0.0"/>
  <testcase classname="com.epam.elms.unit.service.ReportServiceImplTest" name="getLeaveSummary_returnsAllLeaveRequests" time="0.0"/>
  <testcase classname="com.epam.elms.unit.service.EmployeeServiceImplTest" name="findByEmail_delegatesToRepository" time="0.002"/>
  <testcase classname="com.epam.elms.unit.service.EmployeeServiceImplTest" name="findByEmail_existingEmail_returnsEmployee" time="0.001"/>
  <testcase classname="com.epam.elms.unit.service.EmployeeServiceImplTest" name="findByEmail_nullEmail_returnsEmpty" time="0.0"/>
  <testcase classname="com.epam.elms.unit.service.EmployeeServiceImplTest" name="findByEmail_unknownEmail_returnsEmpty" time="0.0"/>
  <testcase classname="com.epam.elms.unit.service.EmployeeServiceImplTest" name="findByEmail_variousEmails_correctPresence" time="0.003"/>
  <testcase classname="com.epam.elms.unit.service.EmployeeServiceImplTest" name="findByEmail_variousEmails_correctPresence" time="0.0"/>
  <testcase classname="com.epam.elms.unit.service.EmployeeServiceImplTest" name="findByEmail_variousEmails_correctPresence" time="0.001"/>
  <testcase classname="com.epam.elms.unit.service.EmployeeServiceImplTest" name="save_employeeFields_preserved" time="0.0"/>
  <testcase classname="com.epam.elms.unit.service.EmployeeServiceImplTest" name="save_newEmployee_idIsAssigned" time="0.0"/>
  <testcase classname="com.epam.elms.unit.service.EmployeeServiceImplTest" name="save_repositoryCalledExactlyOnce" time="0.0"/>
  <testcase classname="com.epam.elms.unit.service.EmployeeServiceImplTest" name="save_validEmployee_returnsSavedEmployee" time="0.0"/>
</testsuite> <!-- Service Unit Tests -->
