<?xml version="1.0" encoding="UTF-8"?>
<!-- Generated by org.testng.reporters.JUnitReportReporter -->
<testsuite hostname="EPINHYDW184A" failures="0" tests="5" name="com.epam.elms.unit.util.JwtUtilTest" time="0.351" errors="0" timestamp="2026-02-25T21:34:18 IST" skipped="0">
  <testcase classname="com.epam.elms.unit.util.JwtUtilTest" name="generateToken_differentEmployees_produceDifferentTokens" time="0.002"/>
  <testcase classname="com.epam.elms.unit.util.JwtUtilTest" name="validateToken_validTokenAndMatchingUser_returnsTrue" time="0.005"/>
  <testcase classname="com.epam.elms.unit.util.JwtUtilTest" name="extractUsername_validToken_returnsCorrectEmail" time="0.335"/>
  <testcase classname="com.epam.elms.unit.util.JwtUtilTest" name="validateToken_wrongUser_returnsFalse" time="0.002"/>
  <testcase classname="com.epam.elms.unit.util.JwtUtilTest" name="generateToken_withValidEmployee_returnsNonEmptyToken" time="0.007"/>
</testsuite> <!-- com.epam.elms.unit.util.JwtUtilTest -->
