<?xml version="1.0" encoding="UTF-8"?>
<!-- Generated by org.testng.reporters.JUnitReportReporter -->
<testsuite hostname="EPINHYDW184A" failures="0" tests="16" name="com.epam.elms.unit.service.LeaveRequestServiceImplTest" time="0.106" errors="0" timestamp="2026-02-25T21:34:18 IST" skipped="0">
  <testcase classname="com.epam.elms.unit.service.LeaveRequestServiceImplTest" name="approveLeave_alreadyApprovedRequest_throwsException" time="0.003"/>
  <testcase classname="com.epam.elms.unit.service.LeaveRequestServiceImplTest" name="applyLeave_variousDurations_succeeds" time="0.004"/>
  <testcase classname="com.epam.elms.unit.service.LeaveRequestServiceImplTest" name="getEmployeeLeaves_noRequests_returnsEmptyList" time="0.001"/>
  <testcase classname="com.epam.elms.unit.service.LeaveRequestServiceImplTest" name="getEmployeeLeaves_existingEmployee_returnsList" time="0.010"/>
  <testcase classname="com.epam.elms.unit.service.LeaveRequestServiceImplTest" name="getPendingLeaves_noPendingRequests_returnsEmptyList" time="0.004"/>
  <testcase classname="com.epam.elms.unit.service.LeaveRequestServiceImplTest" name="applyLeave_variousDurations_succeeds" time="0.003"/>
  <testcase classname="com.epam.elms.unit.service.LeaveRequestServiceImplTest" name="rejectLeave_pendingRequest_setsStatusRejected" time="0.002"/>
  <testcase classname="com.epam.elms.unit.service.LeaveRequestServiceImplTest" name="applyLeave_unknownEmployee_throwsException" time="0.002"/>
  <testcase classname="com.epam.elms.unit.service.LeaveRequestServiceImplTest" name="applyLeave_unknownLeaveType_throwsException" time="0.002"/>
  <testcase classname="com.epam.elms.unit.service.LeaveRequestServiceImplTest" name="applyLeave_validRequest_savesLeaveRequest" time="0.006"/>
  <testcase classname="com.epam.elms.unit.service.LeaveRequestServiceImplTest" name="getPendingLeaves_withPendingRequests_returnsDtoList" time="0.000"/>
  <testcase classname="com.epam.elms.unit.service.LeaveRequestServiceImplTest" name="rejectLeave_alreadyRejected_throwsException" time="0.002"/>
  <testcase classname="com.epam.elms.unit.service.LeaveRequestServiceImplTest" name="approveLeave_notFound_throwsException" time="0.003"/>
  <testcase classname="com.epam.elms.unit.service.LeaveRequestServiceImplTest" name="applyLeave_pastStartDate_throwsIllegalArgumentException" time="0.002"/>
  <testcase classname="com.epam.elms.unit.service.LeaveRequestServiceImplTest" name="approveLeave_pendingRequest_approvesAndDeductsBalance" time="0.009"/>
  <testcase classname="com.epam.elms.unit.service.LeaveRequestServiceImplTest" name="applyLeave_insufficientBalance_throwsIllegalArgumentException" time="0.053"/>
</testsuite> <!-- com.epam.elms.unit.service.LeaveRequestServiceImplTest -->
