<?xml version="1.0" encoding="UTF-8"?>
<!-- Generated by org.testng.reporters.JUnitReportReporter -->
<testsuite hostname="EPINHYDW184A" failures="0" tests="10" name="com.epam.elms.unit.controller.LeaveControllerTest" time="0.032" errors="0" timestamp="2026-02-25T21:34:18 IST" skipped="0">
  <testcase classname="com.epam.elms.unit.controller.LeaveControllerTest" name="getEmployeeLeaves_returnsListFromService" time="0.002"/>
  <testcase classname="com.epam.elms.unit.controller.LeaveControllerTest" name="rejectLeave_validId_returns200WithMessage" time="0.000"/>
  <testcase classname="com.epam.elms.unit.controller.LeaveControllerTest" name="approveLeave_validId_returns200WithMessage" time="0.000"/>
  <testcase classname="com.epam.elms.unit.controller.LeaveControllerTest" name="applyLeave_serviceThrows_propagatesException" time="0.003"/>
  <testcase classname="com.epam.elms.unit.controller.LeaveControllerTest" name="getEmployeeLeaves_noLeaves_returnsEmptyList" time="0.000"/>
  <testcase classname="com.epam.elms.unit.controller.LeaveControllerTest" name="rejectLeave_serviceThrows_propagatesException" time="0.024"/>
  <testcase classname="com.epam.elms.unit.controller.LeaveControllerTest" name="approveLeave_serviceThrows_propagatesException" time="0.001"/>
  <testcase classname="com.epam.elms.unit.controller.LeaveControllerTest" name="getPendingLeaves_returns200WithDtoList" time="0.001"/>
  <testcase classname="com.epam.elms.unit.controller.LeaveControllerTest" name="applyLeave_validDto_returns200WithMessage" time="0.000"/>
  <testcase classname="com.epam.elms.unit.controller.LeaveControllerTest" name="getPendingLeaves_empty_returns200EmptyList" time="0.001"/>
</testsuite> <!-- com.epam.elms.unit.controller.LeaveControllerTest -->
