<?xml version="1.0" encoding="UTF-8"?>
<!-- Generated by org.testng.reporters.JUnitReportReporter -->
<testsuite hostname="EPINHYDW184A" failures="0" tests="3" name="com.epam.elms.unit.service.ReportServiceImplTest" time="0.003" errors="0" timestamp="2026-02-25T21:34:18 IST" skipped="0">
  <testcase classname="com.epam.elms.unit.service.ReportServiceImplTest" name="getLeaveSummary_returnsAllLeaveRequests" time="0.001"/>
  <testcase classname="com.epam.elms.unit.service.ReportServiceImplTest" name="getLeaveSummary_mixedStatuses_allIncluded" time="0.002"/>
  <testcase classname="com.epam.elms.unit.service.ReportServiceImplTest" name="getLeaveSummary_noRequests_returnsEmptyList" time="0.000"/>
</testsuite> <!-- com.epam.elms.unit.service.ReportServiceImplTest -->
