<?xml version="1.0" encoding="UTF-8"?>
<!-- Generated by org.testng.reporters.JUnitReportReporter -->
<testsuite hostname="EPINHYDW184A" failures="0" tests="13" name="com.epam.elms.unit.service.LeaveServiceImplTest" time="0.029" errors="0" timestamp="2026-02-25T21:34:18 IST" skipped="0">
  <testcase classname="com.epam.elms.unit.service.LeaveServiceImplTest" name="approveLeave_pendingRequest_approvesAndDeductsBalance" time="0.002"/>
  <testcase classname="com.epam.elms.unit.service.LeaveServiceImplTest" name="applyLeaveForUser_valid_savesPendingRequest" time="0.003"/>
  <testcase classname="com.epam.elms.unit.service.LeaveServiceImplTest" name="rejectLeave_notPending_throwsBusinessException" time="0.002"/>
  <testcase classname="com.epam.elms.unit.service.LeaveServiceImplTest" name="findLeavesForEmployee_returnsRepositoryResult" time="0.003"/>
  <testcase classname="com.epam.elms.unit.service.LeaveServiceImplTest" name="applyLeaveForUser_unknownLeaveType_throwsBusinessException" time="0.005"/>
  <testcase classname="com.epam.elms.unit.service.LeaveServiceImplTest" name="applyLeaveForUser_pastDate_throwsBusinessException" time="0.003"/>
  <testcase classname="com.epam.elms.unit.service.LeaveServiceImplTest" name="approveLeave_notFound_throwsBusinessException" time="0.001"/>
  <testcase classname="com.epam.elms.unit.service.LeaveServiceImplTest" name="getLeaveBalances_noBalances_returnsEmpty" time="0.001"/>
  <testcase classname="com.epam.elms.unit.service.LeaveServiceImplTest" name="applyLeaveForUser_insufficientBalance_throwsBusinessException" time="0.004"/>
  <testcase classname="com.epam.elms.unit.service.LeaveServiceImplTest" name="getLeaveBalances_returnsBalanceList" time="0.001"/>
  <testcase classname="com.epam.elms.unit.service.LeaveServiceImplTest" name="applyLeaveForUser_unknownEmail_throwsBusinessException" time="0.001"/>
  <testcase classname="com.epam.elms.unit.service.LeaveServiceImplTest" name="approveLeave_alreadyProcessed_throwsBusinessException" time="0.002"/>
  <testcase classname="com.epam.elms.unit.service.LeaveServiceImplTest" name="rejectLeave_pendingRequest_setsRejectedWithComment" time="0.001"/>
</testsuite> <!-- com.epam.elms.unit.service.LeaveServiceImplTest -->
