<?xml version="1.0" encoding="UTF-8"?>
<!-- Generated by org.testng.reporters.JUnitReportReporter -->
<testsuite hostname="EPINHYDW184A" failures="0" tests="11" name="com.epam.elms.unit.service.EmployeeServiceImplTest" time="0.012" errors="0" timestamp="2026-02-25T21:34:18 IST" skipped="0">
  <testcase classname="com.epam.elms.unit.service.EmployeeServiceImplTest" name="findByEmail_variousEmails_correctPresence" time="0.004"/>
  <testcase classname="com.epam.elms.unit.service.EmployeeServiceImplTest" name="save_repositoryCalledExactlyOnce" time="0.000"/>
  <testcase classname="com.epam.elms.unit.service.EmployeeServiceImplTest" name="findByEmail_nullEmail_returnsEmpty" time="0.000"/>
  <testcase classname="com.epam.elms.unit.service.EmployeeServiceImplTest" name="findByEmail_unknownEmail_returnsEmpty" time="0.000"/>
  <testcase classname="com.epam.elms.unit.service.EmployeeServiceImplTest" name="findByEmail_variousEmails_correctPresence" time="0.001"/>
  <testcase classname="com.epam.elms.unit.service.EmployeeServiceImplTest" name="findByEmail_existingEmail_returnsEmployee" time="0.001"/>
  <testcase classname="com.epam.elms.unit.service.EmployeeServiceImplTest" name="save_newEmployee_idIsAssigned" time="0.000"/>
  <testcase classname="com.epam.elms.unit.service.EmployeeServiceImplTest" name="save_validEmployee_returnsSavedEmployee" time="0.002"/>
  <testcase classname="com.epam.elms.unit.service.EmployeeServiceImplTest" name="save_employeeFields_preserved" time="0.000"/>
  <testcase classname="com.epam.elms.unit.service.EmployeeServiceImplTest" name="findByEmail_delegatesToRepository" time="0.002"/>
  <testcase classname="com.epam.elms.unit.service.EmployeeServiceImplTest" name="findByEmail_variousEmails_correctPresence" time="0.002"/>
</testsuite> <!-- com.epam.elms.unit.service.EmployeeServiceImplTest -->
