<?xml version="1.0" encoding="UTF-8"?>
<!-- Generated by org.testng.reporters.JUnitReportReporter -->
<testsuite hostname="EPINHYDW184A" failures="0" tests="8" name="com.epam.elms.unit.service.AdminServiceImplTest" time="0.017" errors="0" timestamp="2026-02-25T21:34:18 IST" skipped="0">
  <testcase classname="com.epam.elms.unit.service.AdminServiceImplTest" name="createLeaveType_validArgs_savesLeaveType" time="0.001"/>
  <testcase classname="com.epam.elms.unit.service.AdminServiceImplTest" name="adjustLeaveBalance_notFound_throwsRuntimeException" time="0.001"/>
  <testcase classname="com.epam.elms.unit.service.AdminServiceImplTest" name="setRole_existingEmployee_addsRole" time="0.003"/>
  <testcase classname="com.epam.elms.unit.service.AdminServiceImplTest" name="createLeaveType_multipleTypes_eachSavedSeparately" time="0.004"/>
  <testcase classname="com.epam.elms.unit.service.AdminServiceImplTest" name="setRole_duplicateRole_remainsIdempotent" time="0.003"/>
  <testcase classname="com.epam.elms.unit.service.AdminServiceImplTest" name="adjustLeaveBalance_existingBalance_updatesAmount" time="0.000"/>
  <testcase classname="com.epam.elms.unit.service.AdminServiceImplTest" name="adjustLeaveBalance_zeroAmount_setsZero" time="0.001"/>
  <testcase classname="com.epam.elms.unit.service.AdminServiceImplTest" name="setRole_employeeNotFound_throwsRuntimeException" time="0.004"/>
</testsuite> <!-- com.epam.elms.unit.service.AdminServiceImplTest -->
