<?xml version="1.0" encoding="UTF-8"?>
<!-- Generated by org.testng.reporters.JUnitReportReporter -->
<testsuite hostname="EPINHYDW184A" failures="0" tests="10" name="com.epam.elms.unit.controller.AdminControllerTest" time="0.035" errors="0" timestamp="2026-02-25T21:34:18 IST" skipped="0">
  <testcase classname="com.epam.elms.unit.controller.AdminControllerTest" name="createLeaveType_delegatesToService" time="0.000"/>
  <testcase classname="com.epam.elms.unit.controller.AdminControllerTest" name="createLeaveType_validParams_returns200" time="0.001"/>
  <testcase classname="com.epam.elms.unit.controller.AdminControllerTest" name="adjustLeaveBalance_validParams_returns200" time="0.000"/>
  <testcase classname="com.epam.elms.unit.controller.AdminControllerTest" name="createLeaveType_serviceThrows_propagatesException" time="0.000"/>
  <testcase classname="com.epam.elms.unit.controller.AdminControllerTest" name="adjustLeaveBalance_serviceThrows_propagatesException" time="0.001"/>
  <testcase classname="com.epam.elms.unit.controller.AdminControllerTest" name="adjustLeaveBalance_delegatesToService" time="0.003"/>
  <testcase classname="com.epam.elms.unit.controller.AdminControllerTest" name="setRole_delegatesToService" time="0.001"/>
  <testcase classname="com.epam.elms.unit.controller.AdminControllerTest" name="adjustLeaveBalance_zeroAmount_returns200" time="0.001"/>
  <testcase classname="com.epam.elms.unit.controller.AdminControllerTest" name="setRole_serviceThrows_propagatesException" time="0.026"/>
  <testcase classname="com.epam.elms.unit.controller.AdminControllerTest" name="setRole_validParams_returns200" time="0.002"/>
</testsuite> <!-- com.epam.elms.unit.controller.AdminControllerTest -->
