<?xml version="1.0" encoding="UTF-8"?>
<!-- Generated by org.testng.reporters.JUnitReportReporter -->
<testsuite hostname="EPINHYDW184A" failures="0" tests="9" name="com.epam.elms.unit.controller.AuthControllerTest" time="0.069" errors="0" timestamp="2026-02-25T21:34:18 IST" skipped="0">
  <testcase classname="com.epam.elms.unit.controller.AuthControllerTest" name="login_serviceThrows_propagatesException" time="0.046"/>
  <testcase classname="com.epam.elms.unit.controller.AuthControllerTest" name="register_delegatesToServiceOnce" time="0.001"/>
  <testcase classname="com.epam.elms.unit.controller.AuthControllerTest" name="logout_always_returns200" time="0.002"/>
  <testcase classname="com.epam.elms.unit.controller.AuthControllerTest" name="login_validRequest_returns200WithBody" time="0.001"/>
  <testcase classname="com.epam.elms.unit.controller.AuthControllerTest" name="register_responseBody_containsAssignedId" time="0.002"/>
  <testcase classname="com.epam.elms.unit.controller.AuthControllerTest" name="logout_stateless_noServiceCallMade" time="0.002"/>
  <testcase classname="com.epam.elms.unit.controller.AuthControllerTest" name="login_delegatesToServiceOnce" time="0.012"/>
  <testcase classname="com.epam.elms.unit.controller.AuthControllerTest" name="register_validRequest_returns200WithEmployee" time="0.001"/>
  <testcase classname="com.epam.elms.unit.controller.AuthControllerTest" name="register_serviceThrows_propagatesException" time="0.002"/>
</testsuite> <!-- com.epam.elms.unit.controller.AuthControllerTest -->
