<?xml version="1.0" encoding="UTF-8"?>
<!-- Generated by org.testng.reporters.JUnitReportReporter -->
<testsuite hostname="EPINHYDW184A" failures="0" tests="5" name="com.epam.elms.unit.controller.LeaveBalanceControllerTest" time="0.035" errors="0" timestamp="2026-02-25T21:34:18 IST" skipped="0">
  <testcase classname="com.epam.elms.unit.controller.LeaveBalanceControllerTest" name="getBalance_serviceThrows_propagatesException" time="0.001"/>
  <testcase classname="com.epam.elms.unit.controller.LeaveBalanceControllerTest" name="getBalance_multipleBalances_returnsAllEntries" time="0.000"/>
  <testcase classname="com.epam.elms.unit.controller.LeaveBalanceControllerTest" name="getBalance_validEmployeeId_returns200WithList" time="0.001"/>
  <testcase classname="com.epam.elms.unit.controller.LeaveBalanceControllerTest" name="getBalance_delegatesToServiceOnce" time="0.030"/>
  <testcase classname="com.epam.elms.unit.controller.LeaveBalanceControllerTest" name="getBalance_noBalances_returns200EmptyList" time="0.003"/>
</testsuite> <!-- com.epam.elms.unit.controller.LeaveBalanceControllerTest -->
