<?xml version="1.0" encoding="UTF-8"?>
<!-- Generated by org.testng.reporters.JUnitReportReporter -->
<testsuite hostname="EPINHYDW184A" failures="0" tests="7" name="com.epam.elms.unit.service.AuthServiceImplTest" time="1.364" errors="0" timestamp="2026-02-25T21:34:18 IST" skipped="0">
  <testcase classname="com.epam.elms.unit.service.AuthServiceImplTest" name="login_employeeRole_isReturnedInResponse" time="0.128"/>
  <testcase classname="com.epam.elms.unit.service.AuthServiceImplTest" name="register_newEmployee_savesAndCreatesBalances" time="0.013"/>
  <testcase classname="com.epam.elms.unit.service.AuthServiceImplTest" name="login_wrongPassword_throwsException" time="1.203"/>
  <testcase classname="com.epam.elms.unit.service.AuthServiceImplTest" name="login_validCredentials_returnsLoginResponse" time="0.005"/>
  <testcase classname="com.epam.elms.unit.service.AuthServiceImplTest" name="login_unknownEmail_throwsException" time="0.009"/>
  <testcase classname="com.epam.elms.unit.service.AuthServiceImplTest" name="register_noRoleProvided_defaultsToEmployee" time="0.002"/>
  <testcase classname="com.epam.elms.unit.service.AuthServiceImplTest" name="register_passwordIsEncoded" time="0.004"/>
</testsuite> <!-- com.epam.elms.unit.service.AuthServiceImplTest -->
