<?xml version="1.0" encoding="UTF-8"?>
<!-- Generated by org.testng.reporters.JUnitReportReporter -->
<testsuite hostname="EPINHYDW184A" failures="0" tests="5" name="com.epam.elms.unit.controller.ReportControllerTest" time="0.030" errors="0" timestamp="2026-02-25T21:34:18 IST" skipped="0">
  <testcase classname="com.epam.elms.unit.controller.ReportControllerTest" name="getLeaveReports_delegatesToServiceOnce" time="0.027"/>
  <testcase classname="com.epam.elms.unit.controller.ReportControllerTest" name="getLeaveReports_noLeaves_returns200EmptyList" time="0.000"/>
  <testcase classname="com.epam.elms.unit.controller.ReportControllerTest" name="getLeaveReports_serviceThrows_propagatesException" time="0.002"/>
  <testcase classname="com.epam.elms.unit.controller.ReportControllerTest" name="getLeaveReports_mixedStatuses_returnsAll" time="0.000"/>
  <testcase classname="com.epam.elms.unit.controller.ReportControllerTest" name="getLeaveReports_returns200WithList" time="0.001"/>
</testsuite> <!-- com.epam.elms.unit.controller.ReportControllerTest -->
