<?xml version="1.0" encoding="UTF-8"?>
<testng-results ignored="0" total="49" passed="18" failed="31" skipped="0">
  <reporter-output>
  </reporter-output>
  <suite started-at="2026-02-25T21:35:07 IST" name="ELMS Integration / API Test Suite" finished-at="2026-02-25T21:35:12 IST" duration-ms="5844">
    <groups>
      <group name="security">
        <method signature="LeaveApiTest.approveLeave_noAuth_returns401or403()[pri:0, instance:com.epam.elms.integration.api.LeaveApiTest@c212536]" name="approveLeave_noAuth_returns401or403" class="com.epam.elms.integration.api.LeaveApiTest"/>
        <method signature="LeaveApiTest.getEmployeeLeaves_withoutAuth_returns401or403()[pri:0, instance:com.epam.elms.integration.api.LeaveApiTest@c212536]" name="getEmployeeLeaves_withoutAuth_returns401or403" class="com.epam.elms.integration.api.LeaveApiTest"/>
        <method signature="LeaveApiTest.getPendingLeaves_noAuth_returns401or403()[pri:0, instance:com.epam.elms.integration.api.LeaveApiTest@c212536]" name="getPendingLeaves_noAuth_returns401or403" class="com.epam.elms.integration.api.LeaveApiTest"/>
        <method signature="LeaveApiTest.rejectLeave_noAuth_returns401or403()[pri:0, instance:com.epam.elms.integration.api.LeaveApiTest@c212536]" name="rejectLeave_noAuth_returns401or403" class="com.epam.elms.integration.api.LeaveApiTest"/>
        <method signature="AdminApiTest.adjustLeaveBalance_noAuth_returns401or403()[pri:0, instance:com.epam.elms.integration.api.AdminApiTest@6e0d16a4]" name="adjustLeaveBalance_noAuth_returns401or403" class="com.epam.elms.integration.api.AdminApiTest"/>
        <method signature="AdminApiTest.createLeaveType_noAuth_returns401or403()[pri:0, instance:com.epam.elms.integration.api.AdminApiTest@6e0d16a4]" name="createLeaveType_noAuth_returns401or403" class="com.epam.elms.integration.api.AdminApiTest"/>
        <method signature="AdminApiTest.setRole_noAuth_returns401or403()[pri:0, instance:com.epam.elms.integration.api.AdminApiTest@6e0d16a4]" name="setRole_noAuth_returns401or403" class="com.epam.elms.integration.api.AdminApiTest"/>
        <method signature="LeaveBalanceApiTest.getBalance_noAuth_returns401or403()[pri:0, instance:com.epam.elms.integration.api.LeaveBalanceApiTest@6e8f2094]" name="getBalance_noAuth_returns401or403" class="com.epam.elms.integration.api.LeaveBalanceApiTest"/>
        <method signature="ReportApiTest.getLeaveReports_noAuth_returns401or403()[pri:0, instance:com.epam.elms.integration.api.ReportApiTest@4ef5dd23]" name="getLeaveReports_noAuth_returns401or403" class="com.epam.elms.integration.api.ReportApiTest"/>
      </group> <!-- security -->
      <group name="leaveType">
        <method signature="LeaveTypeApiTest.getAllLeaveTypes_afterCreation_containsNewType()[pri:0, instance:com.epam.elms.integration.api.LeaveTypeApiTest@1e6bd263]" name="getAllLeaveTypes_afterCreation_containsNewType" class="com.epam.elms.integration.api.LeaveTypeApiTest"/>
        <method signature="LeaveTypeApiTest.getAllLeaveTypes_authenticated_returns200WithList()[pri:0, instance:com.epam.elms.integration.api.LeaveTypeApiTest@1e6bd263]" name="getAllLeaveTypes_authenticated_returns200WithList" class="com.epam.elms.integration.api.LeaveTypeApiTest"/>
        <method signature="LeaveTypeApiTest.getAllLeaveTypes_eachEntryHasRequiredFields()[pri:0, instance:com.epam.elms.integration.api.LeaveTypeApiTest@1e6bd263]" name="getAllLeaveTypes_eachEntryHasRequiredFields" class="com.epam.elms.integration.api.LeaveTypeApiTest"/>
        <method signature="LeaveTypeApiTest.getAllLeaveTypes_multipleCreations_allPresent()[pri:0, instance:com.epam.elms.integration.api.LeaveTypeApiTest@1e6bd263]" name="getAllLeaveTypes_multipleCreations_allPresent" class="com.epam.elms.integration.api.LeaveTypeApiTest"/>
        <method signature="LeaveTypeApiTest.getAllLeaveTypes_noAuth_returns200()[pri:0, instance:com.epam.elms.integration.api.LeaveTypeApiTest@1e6bd263]" name="getAllLeaveTypes_noAuth_returns200" class="com.epam.elms.integration.api.LeaveTypeApiTest"/>
        <method signature="LeaveTypeApiTest.getAllLeaveTypes_returnsJsonArray()[pri:0, instance:com.epam.elms.integration.api.LeaveTypeApiTest@1e6bd263]" name="getAllLeaveTypes_returnsJsonArray" class="com.epam.elms.integration.api.LeaveTypeApiTest"/>
        <method signature="LeaveTypeApiTest.getAllLeaveTypes_withAdminToken_returns200()[pri:0, instance:com.epam.elms.integration.api.LeaveTypeApiTest@1e6bd263]" name="getAllLeaveTypes_withAdminToken_returns200" class="com.epam.elms.integration.api.LeaveTypeApiTest"/>
      </group> <!-- leaveType -->
      <group name="balance">
        <method signature="LeaveBalanceApiTest.getBalance_adminCanAccess_returns200()[pri:0, instance:com.epam.elms.integration.api.LeaveBalanceApiTest@6e8f2094]" name="getBalance_adminCanAccess_returns200" class="com.epam.elms.integration.api.LeaveBalanceApiTest"/>
        <method signature="LeaveBalanceApiTest.getBalance_afterAdminAdjust_returnsUpdatedBalance()[pri:0, instance:com.epam.elms.integration.api.LeaveBalanceApiTest@6e8f2094]" name="getBalance_afterAdminAdjust_returnsUpdatedBalance" class="com.epam.elms.integration.api.LeaveBalanceApiTest"/>
        <method signature="LeaveBalanceApiTest.getBalance_authenticatedEmployee_returns200WithList()[pri:0, instance:com.epam.elms.integration.api.LeaveBalanceApiTest@6e8f2094]" name="getBalance_authenticatedEmployee_returns200WithList" class="com.epam.elms.integration.api.LeaveBalanceApiTest"/>
        <method signature="LeaveBalanceApiTest.getBalance_newEmployee_returnsListPossiblyEmpty()[pri:0, instance:com.epam.elms.integration.api.LeaveBalanceApiTest@6e8f2094]" name="getBalance_newEmployee_returnsListPossiblyEmpty" class="com.epam.elms.integration.api.LeaveBalanceApiTest"/>
        <method signature="LeaveBalanceApiTest.getBalance_noAuth_returns401or403()[pri:0, instance:com.epam.elms.integration.api.LeaveBalanceApiTest@6e8f2094]" name="getBalance_noAuth_returns401or403" class="com.epam.elms.integration.api.LeaveBalanceApiTest"/>
        <method signature="LeaveBalanceApiTest.getBalance_returnsListType()[pri:0, instance:com.epam.elms.integration.api.LeaveBalanceApiTest@6e8f2094]" name="getBalance_returnsListType" class="com.epam.elms.integration.api.LeaveBalanceApiTest"/>
        <method signature="LeaveBalanceApiTest.getBalance_withBalances_eachEntryHasRequiredFields()[pri:0, instance:com.epam.elms.integration.api.LeaveBalanceApiTest@6e8f2094]" name="getBalance_withBalances_eachEntryHasRequiredFields" class="com.epam.elms.integration.api.LeaveBalanceApiTest"/>
      </group> <!-- balance -->
      <group name="auth">
        <method signature="AuthApiTest.login_responseJwt_hasValidJwtStructure()[pri:0, instance:com.epam.elms.integration.api.AuthApiTest@7a55fb81]" name="login_responseJwt_hasValidJwtStructure" class="com.epam.elms.integration.api.AuthApiTest"/>
        <method signature="AuthApiTest.login_unknownEmail_returnsErrorStatus()[pri:0, instance:com.epam.elms.integration.api.AuthApiTest@7a55fb81]" name="login_unknownEmail_returnsErrorStatus" class="com.epam.elms.integration.api.AuthApiTest"/>
        <method signature="AuthApiTest.login_validCredentials_returnsJwtAndEmployeeInfo()[pri:0, instance:com.epam.elms.integration.api.AuthApiTest@7a55fb81]" name="login_validCredentials_returnsJwtAndEmployeeInfo" class="com.epam.elms.integration.api.AuthApiTest"/>
        <method signature="AuthApiTest.login_wrongPassword_returnsErrorStatus()[pri:0, instance:com.epam.elms.integration.api.AuthApiTest@7a55fb81]" name="login_wrongPassword_returnsErrorStatus" class="com.epam.elms.integration.api.AuthApiTest"/>
        <method signature="AuthApiTest.logout_returns200()[pri:0, instance:com.epam.elms.integration.api.AuthApiTest@7a55fb81]" name="logout_returns200" class="com.epam.elms.integration.api.AuthApiTest"/>
        <method signature="AuthApiTest.register_duplicateEmail_returnsErrorStatus()[pri:0, instance:com.epam.elms.integration.api.AuthApiTest@7a55fb81]" name="register_duplicateEmail_returnsErrorStatus" class="com.epam.elms.integration.api.AuthApiTest"/>
        <method signature="AuthApiTest.register_validPayload_returns200WithEmployeeData()[pri:0, instance:com.epam.elms.integration.api.AuthApiTest@7a55fb81]" name="register_validPayload_returns200WithEmployeeData" class="com.epam.elms.integration.api.AuthApiTest"/>
      </group> <!-- auth -->
      <group name="leave">
        <method signature="LeaveApiTest.applyLeave_missingFields_returns4xx()[pri:0, instance:com.epam.elms.integration.api.LeaveApiTest@c212536]" name="applyLeave_missingFields_returns4xx" class="com.epam.elms.integration.api.LeaveApiTest"/>
        <method signature="LeaveApiTest.applyLeave_pastDate_returns4xx()[pri:0, instance:com.epam.elms.integration.api.LeaveApiTest@c212536]" name="applyLeave_pastDate_returns4xx" class="com.epam.elms.integration.api.LeaveApiTest"/>
        <method signature="LeaveApiTest.applyLeave_validPayload_returns200()[pri:0, instance:com.epam.elms.integration.api.LeaveApiTest@c212536]" name="applyLeave_validPayload_returns200" class="com.epam.elms.integration.api.LeaveApiTest"/>
        <method signature="LeaveApiTest.approveLeave_noAuth_returns401or403()[pri:0, instance:com.epam.elms.integration.api.LeaveApiTest@c212536]" name="approveLeave_noAuth_returns401or403" class="com.epam.elms.integration.api.LeaveApiTest"/>
        <method signature="LeaveApiTest.approveLeave_nonExistentId_returns4xx()[pri:0, instance:com.epam.elms.integration.api.LeaveApiTest@c212536]" name="approveLeave_nonExistentId_returns4xx" class="com.epam.elms.integration.api.LeaveApiTest"/>
        <method signature="LeaveApiTest.getEmployeeLeaves_returnsOkWithList()[pri:0, instance:com.epam.elms.integration.api.LeaveApiTest@c212536]" name="getEmployeeLeaves_returnsOkWithList" class="com.epam.elms.integration.api.LeaveApiTest"/>
        <method signature="LeaveApiTest.getEmployeeLeaves_withoutAuth_returns401or403()[pri:0, instance:com.epam.elms.integration.api.LeaveApiTest@c212536]" name="getEmployeeLeaves_withoutAuth_returns401or403" class="com.epam.elms.integration.api.LeaveApiTest"/>
        <method signature="LeaveApiTest.getPendingLeaves_authenticated_returns200()[pri:0, instance:com.epam.elms.integration.api.LeaveApiTest@c212536]" name="getPendingLeaves_authenticated_returns200" class="com.epam.elms.integration.api.LeaveApiTest"/>
        <method signature="LeaveApiTest.getPendingLeaves_noAuth_returns401or403()[pri:0, instance:com.epam.elms.integration.api.LeaveApiTest@c212536]" name="getPendingLeaves_noAuth_returns401or403" class="com.epam.elms.integration.api.LeaveApiTest"/>
        <method signature="LeaveApiTest.leaveLifecycle_applyThenApprove_succeeds()[pri:0, instance:com.epam.elms.integration.api.LeaveApiTest@c212536]" name="leaveLifecycle_applyThenApprove_succeeds" class="com.epam.elms.integration.api.LeaveApiTest"/>
        <method signature="LeaveApiTest.rejectLeave_noAuth_returns401or403()[pri:0, instance:com.epam.elms.integration.api.LeaveApiTest@c212536]" name="rejectLeave_noAuth_returns401or403" class="com.epam.elms.integration.api.LeaveApiTest"/>
        <method signature="LeaveApiTest.rejectLeave_nonExistentId_returns4xx()[pri:0, instance:com.epam.elms.integration.api.LeaveApiTest@c212536]" name="rejectLeave_nonExistentId_returns4xx" class="com.epam.elms.integration.api.LeaveApiTest"/>
      </group> <!-- leave -->
      <group name="report">
        <method signature="ReportApiTest.getLeaveReports_afterApplyingLeave_reportContainsIt()[pri:0, instance:com.epam.elms.integration.api.ReportApiTest@4ef5dd23]" name="getLeaveReports_afterApplyingLeave_reportContainsIt" class="com.epam.elms.integration.api.ReportApiTest"/>
        <method signature="ReportApiTest.getLeaveReports_authenticated_returns200WithList()[pri:0, instance:com.epam.elms.integration.api.ReportApiTest@4ef5dd23]" name="getLeaveReports_authenticated_returns200WithList" class="com.epam.elms.integration.api.ReportApiTest"/>
        <method signature="ReportApiTest.getLeaveReports_employeeToken_returns200or403()[pri:0, instance:com.epam.elms.integration.api.ReportApiTest@4ef5dd23]" name="getLeaveReports_employeeToken_returns200or403" class="com.epam.elms.integration.api.ReportApiTest"/>
        <method signature="ReportApiTest.getLeaveReports_noAuth_returns401or403()[pri:0, instance:com.epam.elms.integration.api.ReportApiTest@4ef5dd23]" name="getLeaveReports_noAuth_returns401or403" class="com.epam.elms.integration.api.ReportApiTest"/>
        <method signature="ReportApiTest.getLeaveReports_noLeaves_returnsEmptyOrNonEmptyArray()[pri:0, instance:com.epam.elms.integration.api.ReportApiTest@4ef5dd23]" name="getLeaveReports_noLeaves_returnsEmptyOrNonEmptyArray" class="com.epam.elms.integration.api.ReportApiTest"/>
        <method signature="ReportApiTest.getLeaveReports_returnsJsonContentType()[pri:0, instance:com.epam.elms.integration.api.ReportApiTest@4ef5dd23]" name="getLeaveReports_returnsJsonContentType" class="com.epam.elms.integration.api.ReportApiTest"/>
      </group> <!-- report -->
      <group name="smoke">
        <method signature="AuthApiTest.login_validCredentials_returnsJwtAndEmployeeInfo()[pri:0, instance:com.epam.elms.integration.api.AuthApiTest@7a55fb81]" name="login_validCredentials_returnsJwtAndEmployeeInfo" class="com.epam.elms.integration.api.AuthApiTest"/>
        <method signature="AuthApiTest.logout_returns200()[pri:0, instance:com.epam.elms.integration.api.AuthApiTest@7a55fb81]" name="logout_returns200" class="com.epam.elms.integration.api.AuthApiTest"/>
        <method signature="AuthApiTest.register_validPayload_returns200WithEmployeeData()[pri:0, instance:com.epam.elms.integration.api.AuthApiTest@7a55fb81]" name="register_validPayload_returns200WithEmployeeData" class="com.epam.elms.integration.api.AuthApiTest"/>
        <method signature="LeaveApiTest.applyLeave_validPayload_returns200()[pri:0, instance:com.epam.elms.integration.api.LeaveApiTest@c212536]" name="applyLeave_validPayload_returns200" class="com.epam.elms.integration.api.LeaveApiTest"/>
        <method signature="LeaveApiTest.getEmployeeLeaves_returnsOkWithList()[pri:0, instance:com.epam.elms.integration.api.LeaveApiTest@c212536]" name="getEmployeeLeaves_returnsOkWithList" class="com.epam.elms.integration.api.LeaveApiTest"/>
        <method signature="LeaveApiTest.getPendingLeaves_authenticated_returns200()[pri:0, instance:com.epam.elms.integration.api.LeaveApiTest@c212536]" name="getPendingLeaves_authenticated_returns200" class="com.epam.elms.integration.api.LeaveApiTest"/>
        <method signature="LeaveApiTest.leaveLifecycle_applyThenApprove_succeeds()[pri:0, instance:com.epam.elms.integration.api.LeaveApiTest@c212536]" name="leaveLifecycle_applyThenApprove_succeeds" class="com.epam.elms.integration.api.LeaveApiTest"/>
        <method signature="AdminApiTest.adjustLeaveBalance_existingBalance_returns200()[pri:0, instance:com.epam.elms.integration.api.AdminApiTest@6e0d16a4]" name="adjustLeaveBalance_existingBalance_returns200" class="com.epam.elms.integration.api.AdminApiTest"/>
        <method signature="AdminApiTest.adminFlow_createTypeAndAdjustBalance_succeeds()[pri:0, instance:com.epam.elms.integration.api.AdminApiTest@6e0d16a4]" name="adminFlow_createTypeAndAdjustBalance_succeeds" class="com.epam.elms.integration.api.AdminApiTest"/>
        <method signature="AdminApiTest.createLeaveType_validParams_returns200()[pri:0, instance:com.epam.elms.integration.api.AdminApiTest@6e0d16a4]" name="createLeaveType_validParams_returns200" class="com.epam.elms.integration.api.AdminApiTest"/>
        <method signature="AdminApiTest.setRole_validEmployee_returns200()[pri:0, instance:com.epam.elms.integration.api.AdminApiTest@6e0d16a4]" name="setRole_validEmployee_returns200" class="com.epam.elms.integration.api.AdminApiTest"/>
        <method signature="LeaveBalanceApiTest.getBalance_adminCanAccess_returns200()[pri:0, instance:com.epam.elms.integration.api.LeaveBalanceApiTest@6e8f2094]" name="getBalance_adminCanAccess_returns200" class="com.epam.elms.integration.api.LeaveBalanceApiTest"/>
        <method signature="LeaveBalanceApiTest.getBalance_afterAdminAdjust_returnsUpdatedBalance()[pri:0, instance:com.epam.elms.integration.api.LeaveBalanceApiTest@6e8f2094]" name="getBalance_afterAdminAdjust_returnsUpdatedBalance" class="com.epam.elms.integration.api.LeaveBalanceApiTest"/>
        <method signature="LeaveBalanceApiTest.getBalance_authenticatedEmployee_returns200WithList()[pri:0, instance:com.epam.elms.integration.api.LeaveBalanceApiTest@6e8f2094]" name="getBalance_authenticatedEmployee_returns200WithList" class="com.epam.elms.integration.api.LeaveBalanceApiTest"/>
        <method signature="LeaveTypeApiTest.getAllLeaveTypes_afterCreation_containsNewType()[pri:0, instance:com.epam.elms.integration.api.LeaveTypeApiTest@1e6bd263]" name="getAllLeaveTypes_afterCreation_containsNewType" class="com.epam.elms.integration.api.LeaveTypeApiTest"/>
        <method signature="LeaveTypeApiTest.getAllLeaveTypes_authenticated_returns200WithList()[pri:0, instance:com.epam.elms.integration.api.LeaveTypeApiTest@1e6bd263]" name="getAllLeaveTypes_authenticated_returns200WithList" class="com.epam.elms.integration.api.LeaveTypeApiTest"/>
        <method signature="LeaveTypeApiTest.getAllLeaveTypes_noAuth_returns200()[pri:0, instance:com.epam.elms.integration.api.LeaveTypeApiTest@1e6bd263]" name="getAllLeaveTypes_noAuth_returns200" class="com.epam.elms.integration.api.LeaveTypeApiTest"/>
        <method signature="ReportApiTest.getLeaveReports_afterApplyingLeave_reportContainsIt()[pri:0, instance:com.epam.elms.integration.api.ReportApiTest@4ef5dd23]" name="getLeaveReports_afterApplyingLeave_reportContainsIt" class="com.epam.elms.integration.api.ReportApiTest"/>
        <method signature="ReportApiTest.getLeaveReports_authenticated_returns200WithList()[pri:0, instance:com.epam.elms.integration.api.ReportApiTest@4ef5dd23]" name="getLeaveReports_authenticated_returns200WithList" class="com.epam.elms.integration.api.ReportApiTest"/>
      </group> <!-- smoke -->
      <group name="admin">
        <method signature="AdminApiTest.adjustLeaveBalance_existingBalance_returns200()[pri:0, instance:com.epam.elms.integration.api.AdminApiTest@6e0d16a4]" name="adjustLeaveBalance_existingBalance_returns200" class="com.epam.elms.integration.api.AdminApiTest"/>
        <method signature="AdminApiTest.adjustLeaveBalance_noAuth_returns401or403()[pri:0, instance:com.epam.elms.integration.api.AdminApiTest@6e0d16a4]" name="adjustLeaveBalance_noAuth_returns401or403" class="com.epam.elms.integration.api.AdminApiTest"/>
        <method signature="AdminApiTest.adjustLeaveBalance_notFound_returns4xx()[pri:0, instance:com.epam.elms.integration.api.AdminApiTest@6e0d16a4]" name="adjustLeaveBalance_notFound_returns4xx" class="com.epam.elms.integration.api.AdminApiTest"/>
        <method signature="AdminApiTest.adminFlow_createTypeAndAdjustBalance_succeeds()[pri:0, instance:com.epam.elms.integration.api.AdminApiTest@6e0d16a4]" name="adminFlow_createTypeAndAdjustBalance_succeeds" class="com.epam.elms.integration.api.AdminApiTest"/>
        <method signature="AdminApiTest.createLeaveType_missingParams_returns4xx()[pri:0, instance:com.epam.elms.integration.api.AdminApiTest@6e0d16a4]" name="createLeaveType_missingParams_returns4xx" class="com.epam.elms.integration.api.AdminApiTest"/>
        <method signature="AdminApiTest.createLeaveType_noAuth_returns401or403()[pri:0, instance:com.epam.elms.integration.api.AdminApiTest@6e0d16a4]" name="createLeaveType_noAuth_returns401or403" class="com.epam.elms.integration.api.AdminApiTest"/>
        <method signature="AdminApiTest.createLeaveType_validParams_returns200()[pri:0, instance:com.epam.elms.integration.api.AdminApiTest@6e0d16a4]" name="createLeaveType_validParams_returns200" class="com.epam.elms.integration.api.AdminApiTest"/>
        <method signature="AdminApiTest.setRole_noAuth_returns401or403()[pri:0, instance:com.epam.elms.integration.api.AdminApiTest@6e0d16a4]" name="setRole_noAuth_returns401or403" class="com.epam.elms.integration.api.AdminApiTest"/>
        <method signature="AdminApiTest.setRole_nonExistentEmployee_returns4xx()[pri:0, instance:com.epam.elms.integration.api.AdminApiTest@6e0d16a4]" name="setRole_nonExistentEmployee_returns4xx" class="com.epam.elms.integration.api.AdminApiTest"/>
        <method signature="AdminApiTest.setRole_validEmployee_returns200()[pri:0, instance:com.epam.elms.integration.api.AdminApiTest@6e0d16a4]" name="setRole_validEmployee_returns200" class="com.epam.elms.integration.api.AdminApiTest"/>
      </group> <!-- admin -->
      <group name="validation">
        <method signature="LeaveApiTest.applyLeave_missingFields_returns4xx()[pri:0, instance:com.epam.elms.integration.api.LeaveApiTest@c212536]" name="applyLeave_missingFields_returns4xx" class="com.epam.elms.integration.api.LeaveApiTest"/>
        <method signature="LeaveApiTest.applyLeave_pastDate_returns4xx()[pri:0, instance:com.epam.elms.integration.api.LeaveApiTest@c212536]" name="applyLeave_pastDate_returns4xx" class="com.epam.elms.integration.api.LeaveApiTest"/>
        <method signature="AdminApiTest.createLeaveType_missingParams_returns4xx()[pri:0, instance:com.epam.elms.integration.api.AdminApiTest@6e0d16a4]" name="createLeaveType_missingParams_returns4xx" class="com.epam.elms.integration.api.AdminApiTest"/>
      </group> <!-- validation -->
    </groups>
    <test started-at="2026-02-25T21:35:07 IST" name="Auth API Tests" finished-at="2026-02-25T21:35:09 IST" duration-ms="2616">
      <class name="com.epam.elms.integration.api.AuthApiTest">
        <test-method signature="login_responseJwt_hasValidJwtStructure()[pri:0, instance:com.epam.elms.integration.api.AuthApiTest@7a55fb81]" started-at="2026-02-25T21:35:07 IST" name="login_responseJwt_hasValidJwtStructure" description="POST /auth/login – JWT token in response is a valid 3-part structure" finished-at="2026-02-25T21:35:08 IST" duration-ms="1642" status="PASS">
          <reporter-output>
          </reporter-output>
        </test-method> <!-- login_responseJwt_hasValidJwtStructure -->
        <test-method signature="login_unknownEmail_returnsErrorStatus()[pri:0, instance:com.epam.elms.integration.api.AuthApiTest@7a55fb81]" started-at="2026-02-25T21:35:08 IST" name="login_unknownEmail_returnsErrorStatus" description="POST /auth/login – unknown email returns error status" finished-at="2026-02-25T21:35:08 IST" duration-ms="28" status="PASS">
          <reporter-output>
          </reporter-output>
        </test-method> <!-- login_unknownEmail_returnsErrorStatus -->
        <test-method signature="login_validCredentials_returnsJwtAndEmployeeInfo()[pri:0, instance:com.epam.elms.integration.api.AuthApiTest@7a55fb81]" started-at="2026-02-25T21:35:08 IST" name="login_validCredentials_returnsJwtAndEmployeeInfo" description="POST /auth/login – correct credentials return JWT and employee info" finished-at="2026-02-25T21:35:09 IST" duration-ms="280" status="PASS">
          <reporter-output>
          </reporter-output>
        </test-method> <!-- login_validCredentials_returnsJwtAndEmployeeInfo -->
        <test-method signature="login_wrongPassword_returnsErrorStatus()[pri:0, instance:com.epam.elms.integration.api.AuthApiTest@7a55fb81]" started-at="2026-02-25T21:35:09 IST" name="login_wrongPassword_returnsErrorStatus" description="POST /auth/login – wrong password returns error status" finished-at="2026-02-25T21:35:09 IST" duration-ms="214" status="PASS">
          <reporter-output>
          </reporter-output>
        </test-method> <!-- login_wrongPassword_returnsErrorStatus -->
        <test-method signature="logout_returns200()[pri:0, instance:com.epam.elms.integration.api.AuthApiTest@7a55fb81]" started-at="2026-02-25T21:35:09 IST" name="logout_returns200" description="POST /auth/logout – returns 200 OK (stateless, no body required)" finished-at="2026-02-25T21:35:09 IST" duration-ms="48" status="FAIL">
          <exception class="java.lang.AssertionError">
            <message>
              <![CDATA[1 expectation failed.
Expected status code <200> but was <403>.
]]>
            </message>
            <full-stacktrace>
              <![CDATA[java.lang.AssertionError: 1 expectation failed.
Expected status code <200> but was <403>.

at java.base/jdk.internal.reflect.DirectConstructorHandleAccessor.newInstance(DirectConstructorHandleAccessor.java:62)
at java.base/java.lang.reflect.Constructor.newInstanceWithCaller(Constructor.java:502)
at java.base/java.lang.reflect.Constructor.newInstance(Constructor.java:486)
at org.codehaus.groovy.reflection.CachedConstructor.invoke(CachedConstructor.java:73)
at org.codehaus.groovy.runtime.callsite.ConstructorSite$ConstructorSiteNoUnwrapNoCoerce.callConstructor(ConstructorSite.java:108)
at org.codehaus.groovy.runtime.callsite.CallSiteArray.defaultCallConstructor(CallSiteArray.java:57)
at org.codehaus.groovy.runtime.callsite.AbstractCallSite.callConstructor(AbstractCallSite.java:263)
at org.codehaus.groovy.runtime.callsite.AbstractCallSite.callConstructor(AbstractCallSite.java:277)
at io.restassured.internal.ResponseSpecificationImpl$HamcrestAssertionClosure.validate(ResponseSpecificationImpl.groovy:512)
at io.restassured.internal.ResponseSpecificationImpl$HamcrestAssertionClosure$validate$1.call(Unknown Source)
at io.restassured.internal.ResponseSpecificationImpl.validateResponseIfRequired(ResponseSpecificationImpl.groovy:696)
at io.restassured.internal.ResponseSpecificationImpl.this$2$validateResponseIfRequired(ResponseSpecificationImpl.groovy)
at java.base/jdk.internal.reflect.DirectMethodHandleAccessor.invoke(DirectMethodHandleAccessor.java:103)
at java.base/java.lang.reflect.Method.invoke(Method.java:580)
at org.codehaus.groovy.runtime.callsite.PlainObjectMetaMethodSite.doInvoke(PlainObjectMetaMethodSite.java:43)
at org.codehaus.groovy.runtime.callsite.PogoMetaMethodSite$PogoCachedMethodSiteNoUnwrapNoCoerce.invoke(PogoMetaMethodSite.java:198)
at org.codehaus.groovy.runtime.callsite.PogoMetaMethodSite.callCurrent(PogoMetaMethodSite.java:62)
at org.codehaus.groovy.runtime.callsite.AbstractCallSite.callCurrent(AbstractCallSite.java:185)
at io.restassured.internal.ResponseSpecificationImpl.statusCode(ResponseSpecificationImpl.groovy:135)
at io.restassured.specification.ResponseSpecification$statusCode$0.callCurrent(Unknown Source)
at io.restassured.internal.ResponseSpecificationImpl.statusCode(ResponseSpecificationImpl.groovy:143)
at io.restassured.internal.ValidatableResponseOptionsImpl.statusCode(ValidatableResponseOptionsImpl.java:89)
at com.epam.elms.integration.api.AuthApiTest.logout_returns200(AuthApiTest.java:149)
at java.base/jdk.internal.reflect.DirectMethodHandleAccessor.invoke(DirectMethodHandleAccessor.java:103)
at java.base/java.lang.reflect.Method.invoke(Method.java:580)
at org.testng.internal.invokers.MethodInvocationHelper.invokeMethod(MethodInvocationHelper.java:139)
at org.testng.internal.invokers.TestInvoker.invokeMethod(TestInvoker.java:664)
at org.testng.internal.invokers.TestInvoker.invokeTestMethod(TestInvoker.java:228)
at org.testng.internal.invokers.MethodRunner.runInSequence(MethodRunner.java:63)
at org.testng.internal.invokers.TestInvoker$MethodInvocationAgent.invoke(TestInvoker.java:961)
at org.testng.internal.invokers.TestInvoker.invokeTestMethods(TestInvoker.java:201)
at org.testng.internal.invokers.TestMethodWorker.invokeTestMethods(TestMethodWorker.java:148)
at org.testng.internal.invokers.TestMethodWorker.run(TestMethodWorker.java:128)
at java.base/java.util.ArrayList.forEach(ArrayList.java:1596)
at org.testng.TestRunner.privateRun(TestRunner.java:819)
at org.testng.TestRunner.run(TestRunner.java:619)
at org.testng.SuiteRunner.runTest(SuiteRunner.java:443)
at org.testng.SuiteRunner.runSequentially(SuiteRunner.java:437)
at org.testng.SuiteRunner.privateRun(SuiteRunner.java:397)
at org.testng.SuiteRunner.run(SuiteRunner.java:336)
at org.testng.SuiteRunnerWorker.runSuite(SuiteRunnerWorker.java:52)
at org.testng.SuiteRunnerWorker.run(SuiteRunnerWorker.java:95)
at org.testng.TestNG.runSuitesSequentially(TestNG.java:1301)
at org.testng.TestNG.runSuitesLocally(TestNG.java:1228)
at org.testng.TestNG.runSuites(TestNG.java:1134)
at org.testng.TestNG.run(TestNG.java:1101)
at org.apache.maven.surefire.testng.TestNGExecutor.run(TestNGExecutor.java:308)
at org.apache.maven.surefire.testng.TestNGXmlTestSuite.execute(TestNGXmlTestSuite.java:71)
at org.apache.maven.surefire.testng.TestNGProvider.invoke(TestNGProvider.java:113)
at java.base/jdk.internal.reflect.DirectMethodHandleAccessor.invoke(DirectMethodHandleAccessor.java:103)
at java.base/java.lang.reflect.Method.invoke(Method.java:580)
at org.apache.maven.surefire.api.util.ReflectionUtils.invokeMethodWithArray2(ReflectionUtils.java:137)
at org.apache.maven.surefire.booter.ProviderFactory$ProviderProxy.invoke(ProviderFactory.java:148)
at org.apache.maven.surefire.booter.ProviderFactory.invokeProvider(ProviderFactory.java:88)
at org.apache.maven.plugin.surefire.InPluginVMSurefireStarter.runSuitesInProcess(InPluginVMSurefireStarter.java:91)
at org.apache.maven.plugin.surefire.AbstractSurefireMojo.executeProvider(AbstractSurefireMojo.java:1212)
at org.apache.maven.plugin.surefire.AbstractSurefireMojo.executeAfterPreconditionsChecked(AbstractSurefireMojo.java:1090)
at org.apache.maven.plugin.surefire.AbstractSurefireMojo.execute(AbstractSurefireMojo.java:910)
at org.apache.maven.plugin.DefaultBuildPluginManager.executeMojo(DefaultBuildPluginManager.java:126)
at org.apache.maven.lifecycle.internal.MojoExecutor.doExecute2(MojoExecutor.java:328)
at org.apache.maven.lifecycle.internal.MojoExecutor.doExecute(MojoExecutor.java:316)
at org.apache.maven.lifecycle.internal.MojoExecutor.execute(MojoExecutor.java:212)
at org.apache.maven.lifecycle.internal.MojoExecutor.execute(MojoExecutor.java:174)
at org.apache.maven.lifecycle.internal.MojoExecutor.access$000(MojoExecutor.java:75)
at org.apache.maven.lifecycle.internal.MojoExecutor$1.run(MojoExecutor.java:162)
at org.apache.maven.plugin.DefaultMojosExecutionStrategy.execute(DefaultMojosExecutionStrategy.java:39)
at org.apache.maven.lifecycle.internal.MojoExecutor.execute(MojoExecutor.java:159)
at org.apache.maven.lifecycle.internal.LifecycleModuleBuilder.buildProject(LifecycleModuleBuilder.java:105)
at org.apache.maven.lifecycle.internal.LifecycleModuleBuilder.buildProject(LifecycleModuleBuilder.java:73)
at org.apache.maven.lifecycle.internal.builder.singlethreaded.SingleThreadedBuilder.build(SingleThreadedBuilder.java:53)
at org.apache.maven.lifecycle.internal.LifecycleStarter.execute(LifecycleStarter.java:118)
at org.apache.maven.DefaultMaven.doExecute(DefaultMaven.java:261)
at org.apache.maven.DefaultMaven.doExecute(DefaultMaven.java:173)
at org.apache.maven.DefaultMaven.execute(DefaultMaven.java:101)
at org.apache.maven.cli.MavenCli.execute(MavenCli.java:919)
at org.apache.maven.cli.MavenCli.doMain(MavenCli.java:285)
at org.apache.maven.cli.MavenCli.main(MavenCli.java:207)
at java.base/jdk.internal.reflect.DirectMethodHandleAccessor.invoke(DirectMethodHandleAccessor.java:103)
at java.base/java.lang.reflect.Method.invoke(Method.java:580)
at org.codehaus.plexus.classworlds.launcher.Launcher.launchEnhanced(Launcher.java:255)
at org.codehaus.plexus.classworlds.launcher.Launcher.launch(Launcher.java:201)
at org.codehaus.plexus.classworlds.launcher.Launcher.mainWithExitCode(Launcher.java:361)
at org.codehaus.plexus.classworlds.launcher.Launcher.main(Launcher.java:314)
]]>
            </full-stacktrace>
          </exception> <!-- java.lang.AssertionError -->
          <reporter-output>
          </reporter-output>
        </test-method> <!-- logout_returns200 -->
        <test-method signature="register_duplicateEmail_returnsErrorStatus()[pri:0, instance:com.epam.elms.integration.api.AuthApiTest@7a55fb81]" started-at="2026-02-25T21:35:09 IST" name="register_duplicateEmail_returnsErrorStatus" description="POST /auth/register – duplicate email returns 4xx error" finished-at="2026-02-25T21:35:09 IST" duration-ms="232" status="PASS">
          <reporter-output>
          </reporter-output>
        </test-method> <!-- register_duplicateEmail_returnsErrorStatus -->
        <test-method signature="register_validPayload_returns200WithEmployeeData()[pri:0, instance:com.epam.elms.integration.api.AuthApiTest@7a55fb81]" started-at="2026-02-25T21:35:09 IST" name="register_validPayload_returns200WithEmployeeData" description="POST /auth/register – valid payload returns 200 with employee data" finished-at="2026-02-25T21:35:09 IST" duration-ms="121" status="PASS">
          <reporter-output>
          </reporter-output>
        </test-method> <!-- register_validPayload_returns200WithEmployeeData -->
      </class> <!-- com.epam.elms.integration.api.AuthApiTest -->
    </test> <!-- Auth API Tests -->
    <test started-at="2026-02-25T21:35:09 IST" name="Leave API Tests" finished-at="2026-02-25T21:35:10 IST" duration-ms="899">
      <class name="com.epam.elms.integration.api.LeaveApiTest">
        <test-method signature="applyLeave_missingFields_returns4xx()[pri:0, instance:com.epam.elms.integration.api.LeaveApiTest@c212536]" started-at="2026-02-25T21:35:09 IST" name="applyLeave_missingFields_returns4xx" description="POST /leaves/apply – missing required fields returns 4xx" finished-at="2026-02-25T21:35:09 IST" duration-ms="18" status="FAIL">
          <exception class="java.lang.AssertionError">
            <message>
              <![CDATA[1 expectation failed.
Expected status code (is <400> or is <422>) but was <403>.
]]>
            </message>
            <full-stacktrace>
              <![CDATA[java.lang.AssertionError: 1 expectation failed.
Expected status code (is <400> or is <422>) but was <403>.

at java.base/jdk.internal.reflect.DirectConstructorHandleAccessor.newInstance(DirectConstructorHandleAccessor.java:62)
at java.base/java.lang.reflect.Constructor.newInstanceWithCaller(Constructor.java:502)
at java.base/java.lang.reflect.Constructor.newInstance(Constructor.java:486)
at org.codehaus.groovy.reflection.CachedConstructor.invoke(CachedConstructor.java:73)
at org.codehaus.groovy.runtime.callsite.ConstructorSite$ConstructorSiteNoUnwrapNoCoerce.callConstructor(ConstructorSite.java:108)
at org.codehaus.groovy.runtime.callsite.AbstractCallSite.callConstructor(AbstractCallSite.java:277)
at io.restassured.internal.ResponseSpecificationImpl$HamcrestAssertionClosure.validate(ResponseSpecificationImpl.groovy:512)
at io.restassured.internal.ResponseSpecificationImpl$HamcrestAssertionClosure$validate$1.call(Unknown Source)
at io.restassured.internal.ResponseSpecificationImpl.validateResponseIfRequired(ResponseSpecificationImpl.groovy:696)
at io.restassured.internal.ResponseSpecificationImpl.this$2$validateResponseIfRequired(ResponseSpecificationImpl.groovy)
at java.base/jdk.internal.reflect.DirectMethodHandleAccessor.invoke(DirectMethodHandleAccessor.java:103)
at java.base/java.lang.reflect.Method.invoke(Method.java:580)
at org.codehaus.groovy.runtime.callsite.PlainObjectMetaMethodSite.doInvoke(PlainObjectMetaMethodSite.java:43)
at org.codehaus.groovy.runtime.callsite.PogoMetaMethodSite$PogoCachedMethodSiteNoUnwrapNoCoerce.invoke(PogoMetaMethodSite.java:198)
at org.codehaus.groovy.runtime.callsite.PogoMetaMethodSite.callCurrent(PogoMetaMethodSite.java:62)
at org.codehaus.groovy.runtime.callsite.AbstractCallSite.callCurrent(AbstractCallSite.java:185)
at io.restassured.internal.ResponseSpecificationImpl.statusCode(ResponseSpecificationImpl.groovy:135)
at io.restassured.internal.ValidatableResponseOptionsImpl.statusCode(ValidatableResponseOptionsImpl.java:84)
at com.epam.elms.integration.api.LeaveApiTest.applyLeave_missingFields_returns4xx(LeaveApiTest.java:184)
at java.base/jdk.internal.reflect.DirectMethodHandleAccessor.invoke(DirectMethodHandleAccessor.java:103)
at java.base/java.lang.reflect.Method.invoke(Method.java:580)
at org.testng.internal.invokers.MethodInvocationHelper.invokeMethod(MethodInvocationHelper.java:139)
at org.testng.internal.invokers.TestInvoker.invokeMethod(TestInvoker.java:664)
at org.testng.internal.invokers.TestInvoker.invokeTestMethod(TestInvoker.java:228)
at org.testng.internal.invokers.MethodRunner.runInSequence(MethodRunner.java:63)
at org.testng.internal.invokers.TestInvoker$MethodInvocationAgent.invoke(TestInvoker.java:961)
at org.testng.internal.invokers.TestInvoker.invokeTestMethods(TestInvoker.java:201)
at org.testng.internal.invokers.TestMethodWorker.invokeTestMethods(TestMethodWorker.java:148)
at org.testng.internal.invokers.TestMethodWorker.run(TestMethodWorker.java:128)
at java.base/java.util.ArrayList.forEach(ArrayList.java:1596)
at org.testng.TestRunner.privateRun(TestRunner.java:819)
at org.testng.TestRunner.run(TestRunner.java:619)
at org.testng.SuiteRunner.runTest(SuiteRunner.java:443)
at org.testng.SuiteRunner.runSequentially(SuiteRunner.java:437)
at org.testng.SuiteRunner.privateRun(SuiteRunner.java:397)
at org.testng.SuiteRunner.run(SuiteRunner.java:336)
at org.testng.SuiteRunnerWorker.runSuite(SuiteRunnerWorker.java:52)
at org.testng.SuiteRunnerWorker.run(SuiteRunnerWorker.java:95)
at org.testng.TestNG.runSuitesSequentially(TestNG.java:1301)
at org.testng.TestNG.runSuitesLocally(TestNG.java:1228)
at org.testng.TestNG.runSuites(TestNG.java:1134)
at org.testng.TestNG.run(TestNG.java:1101)
at org.apache.maven.surefire.testng.TestNGExecutor.run(TestNGExecutor.java:308)
at org.apache.maven.surefire.testng.TestNGXmlTestSuite.execute(TestNGXmlTestSuite.java:71)
at org.apache.maven.surefire.testng.TestNGProvider.invoke(TestNGProvider.java:113)
at java.base/jdk.internal.reflect.DirectMethodHandleAccessor.invoke(DirectMethodHandleAccessor.java:103)
at java.base/java.lang.reflect.Method.invoke(Method.java:580)
at org.apache.maven.surefire.api.util.ReflectionUtils.invokeMethodWithArray2(ReflectionUtils.java:137)
at org.apache.maven.surefire.booter.ProviderFactory$ProviderProxy.invoke(ProviderFactory.java:148)
at org.apache.maven.surefire.booter.ProviderFactory.invokeProvider(ProviderFactory.java:88)
at org.apache.maven.plugin.surefire.InPluginVMSurefireStarter.runSuitesInProcess(InPluginVMSurefireStarter.java:91)
at org.apache.maven.plugin.surefire.AbstractSurefireMojo.executeProvider(AbstractSurefireMojo.java:1212)
at org.apache.maven.plugin.surefire.AbstractSurefireMojo.executeAfterPreconditionsChecked(AbstractSurefireMojo.java:1090)
at org.apache.maven.plugin.surefire.AbstractSurefireMojo.execute(AbstractSurefireMojo.java:910)
at org.apache.maven.plugin.DefaultBuildPluginManager.executeMojo(DefaultBuildPluginManager.java:126)
at org.apache.maven.lifecycle.internal.MojoExecutor.doExecute2(MojoExecutor.java:328)
at org.apache.maven.lifecycle.internal.MojoExecutor.doExecute(MojoExecutor.java:316)
at org.apache.maven.lifecycle.internal.MojoExecutor.execute(MojoExecutor.java:212)
at org.apache.maven.lifecycle.internal.MojoExecutor.execute(MojoExecutor.java:174)
at org.apache.maven.lifecycle.internal.MojoExecutor.access$000(MojoExecutor.java:75)
at org.apache.maven.lifecycle.internal.MojoExecutor$1.run(MojoExecutor.java:162)
at org.apache.maven.plugin.DefaultMojosExecutionStrategy.execute(DefaultMojosExecutionStrategy.java:39)
at org.apache.maven.lifecycle.internal.MojoExecutor.execute(MojoExecutor.java:159)
at org.apache.maven.lifecycle.internal.LifecycleModuleBuilder.buildProject(LifecycleModuleBuilder.java:105)
at org.apache.maven.lifecycle.internal.LifecycleModuleBuilder.buildProject(LifecycleModuleBuilder.java:73)
at org.apache.maven.lifecycle.internal.builder.singlethreaded.SingleThreadedBuilder.build(SingleThreadedBuilder.java:53)
at org.apache.maven.lifecycle.internal.LifecycleStarter.execute(LifecycleStarter.java:118)
at org.apache.maven.DefaultMaven.doExecute(DefaultMaven.java:261)
at org.apache.maven.DefaultMaven.doExecute(DefaultMaven.java:173)
at org.apache.maven.DefaultMaven.execute(DefaultMaven.java:101)
at org.apache.maven.cli.MavenCli.execute(MavenCli.java:919)
at org.apache.maven.cli.MavenCli.doMain(MavenCli.java:285)
at org.apache.maven.cli.MavenCli.main(MavenCli.java:207)
at java.base/jdk.internal.reflect.DirectMethodHandleAccessor.invoke(DirectMethodHandleAccessor.java:103)
at java.base/java.lang.reflect.Method.invoke(Method.java:580)
at org.codehaus.plexus.classworlds.launcher.Launcher.launchEnhanced(Launcher.java:255)
at org.codehaus.plexus.classworlds.launcher.Launcher.launch(Launcher.java:201)
at org.codehaus.plexus.classworlds.launcher.Launcher.mainWithExitCode(Launcher.java:361)
at org.codehaus.plexus.classworlds.launcher.Launcher.main(Launcher.java:314)
]]>
            </full-stacktrace>
          </exception> <!-- java.lang.AssertionError -->
          <reporter-output>
          </reporter-output>
        </test-method> <!-- applyLeave_missingFields_returns4xx -->
        <test-method signature="applyLeave_pastDate_returns4xx()[pri:0, instance:com.epam.elms.integration.api.LeaveApiTest@c212536]" started-at="2026-02-25T21:35:09 IST" name="applyLeave_pastDate_returns4xx" description="POST /leaves/apply – past start date returns 4xx" finished-at="2026-02-25T21:35:09 IST" duration-ms="21" status="FAIL">
          <exception class="java.lang.AssertionError">
            <message>
              <![CDATA[1 expectation failed.
Expected status code (is <400> or is <422>) but was <403>.
]]>
            </message>
            <full-stacktrace>
              <![CDATA[java.lang.AssertionError: 1 expectation failed.
Expected status code (is <400> or is <422>) but was <403>.

at java.base/jdk.internal.reflect.DirectConstructorHandleAccessor.newInstance(DirectConstructorHandleAccessor.java:62)
at java.base/java.lang.reflect.Constructor.newInstanceWithCaller(Constructor.java:502)
at java.base/java.lang.reflect.Constructor.newInstance(Constructor.java:486)
at org.codehaus.groovy.reflection.CachedConstructor.invoke(CachedConstructor.java:73)
at org.codehaus.groovy.runtime.callsite.ConstructorSite$ConstructorSiteNoUnwrapNoCoerce.callConstructor(ConstructorSite.java:108)
at org.codehaus.groovy.runtime.callsite.AbstractCallSite.callConstructor(AbstractCallSite.java:277)
at io.restassured.internal.ResponseSpecificationImpl$HamcrestAssertionClosure.validate(ResponseSpecificationImpl.groovy:512)
at io.restassured.internal.ResponseSpecificationImpl$HamcrestAssertionClosure$validate$1.call(Unknown Source)
at io.restassured.internal.ResponseSpecificationImpl.validateResponseIfRequired(ResponseSpecificationImpl.groovy:696)
at io.restassured.internal.ResponseSpecificationImpl.this$2$validateResponseIfRequired(ResponseSpecificationImpl.groovy)
at java.base/jdk.internal.reflect.DirectMethodHandleAccessor.invoke(DirectMethodHandleAccessor.java:103)
at java.base/java.lang.reflect.Method.invoke(Method.java:580)
at org.codehaus.groovy.runtime.callsite.PlainObjectMetaMethodSite.doInvoke(PlainObjectMetaMethodSite.java:43)
at org.codehaus.groovy.runtime.callsite.PogoMetaMethodSite$PogoCachedMethodSiteNoUnwrapNoCoerce.invoke(PogoMetaMethodSite.java:198)
at org.codehaus.groovy.runtime.callsite.PogoMetaMethodSite.callCurrent(PogoMetaMethodSite.java:62)
at org.codehaus.groovy.runtime.callsite.AbstractCallSite.callCurrent(AbstractCallSite.java:185)
at io.restassured.internal.ResponseSpecificationImpl.statusCode(ResponseSpecificationImpl.groovy:135)
at io.restassured.internal.ValidatableResponseOptionsImpl.statusCode(ValidatableResponseOptionsImpl.java:84)
at com.epam.elms.integration.api.LeaveApiTest.applyLeave_pastDate_returns4xx(LeaveApiTest.java:206)
at java.base/jdk.internal.reflect.DirectMethodHandleAccessor.invoke(DirectMethodHandleAccessor.java:103)
at java.base/java.lang.reflect.Method.invoke(Method.java:580)
at org.testng.internal.invokers.MethodInvocationHelper.invokeMethod(MethodInvocationHelper.java:139)
at org.testng.internal.invokers.TestInvoker.invokeMethod(TestInvoker.java:664)
at org.testng.internal.invokers.TestInvoker.invokeTestMethod(TestInvoker.java:228)
at org.testng.internal.invokers.MethodRunner.runInSequence(MethodRunner.java:63)
at org.testng.internal.invokers.TestInvoker$MethodInvocationAgent.invoke(TestInvoker.java:961)
at org.testng.internal.invokers.TestInvoker.invokeTestMethods(TestInvoker.java:201)
at org.testng.internal.invokers.TestMethodWorker.invokeTestMethods(TestMethodWorker.java:148)
at org.testng.internal.invokers.TestMethodWorker.run(TestMethodWorker.java:128)
at java.base/java.util.ArrayList.forEach(ArrayList.java:1596)
at org.testng.TestRunner.privateRun(TestRunner.java:819)
at org.testng.TestRunner.run(TestRunner.java:619)
at org.testng.SuiteRunner.runTest(SuiteRunner.java:443)
at org.testng.SuiteRunner.runSequentially(SuiteRunner.java:437)
at org.testng.SuiteRunner.privateRun(SuiteRunner.java:397)
at org.testng.SuiteRunner.run(SuiteRunner.java:336)
at org.testng.SuiteRunnerWorker.runSuite(SuiteRunnerWorker.java:52)
at org.testng.SuiteRunnerWorker.run(SuiteRunnerWorker.java:95)
at org.testng.TestNG.runSuitesSequentially(TestNG.java:1301)
at org.testng.TestNG.runSuitesLocally(TestNG.java:1228)
at org.testng.TestNG.runSuites(TestNG.java:1134)
at org.testng.TestNG.run(TestNG.java:1101)
at org.apache.maven.surefire.testng.TestNGExecutor.run(TestNGExecutor.java:308)
at org.apache.maven.surefire.testng.TestNGXmlTestSuite.execute(TestNGXmlTestSuite.java:71)
at org.apache.maven.surefire.testng.TestNGProvider.invoke(TestNGProvider.java:113)
at java.base/jdk.internal.reflect.DirectMethodHandleAccessor.invoke(DirectMethodHandleAccessor.java:103)
at java.base/java.lang.reflect.Method.invoke(Method.java:580)
at org.apache.maven.surefire.api.util.ReflectionUtils.invokeMethodWithArray2(ReflectionUtils.java:137)
at org.apache.maven.surefire.booter.ProviderFactory$ProviderProxy.invoke(ProviderFactory.java:148)
at org.apache.maven.surefire.booter.ProviderFactory.invokeProvider(ProviderFactory.java:88)
at org.apache.maven.plugin.surefire.InPluginVMSurefireStarter.runSuitesInProcess(InPluginVMSurefireStarter.java:91)
at org.apache.maven.plugin.surefire.AbstractSurefireMojo.executeProvider(AbstractSurefireMojo.java:1212)
at org.apache.maven.plugin.surefire.AbstractSurefireMojo.executeAfterPreconditionsChecked(AbstractSurefireMojo.java:1090)
at org.apache.maven.plugin.surefire.AbstractSurefireMojo.execute(AbstractSurefireMojo.java:910)
at org.apache.maven.plugin.DefaultBuildPluginManager.executeMojo(DefaultBuildPluginManager.java:126)
at org.apache.maven.lifecycle.internal.MojoExecutor.doExecute2(MojoExecutor.java:328)
at org.apache.maven.lifecycle.internal.MojoExecutor.doExecute(MojoExecutor.java:316)
at org.apache.maven.lifecycle.internal.MojoExecutor.execute(MojoExecutor.java:212)
at org.apache.maven.lifecycle.internal.MojoExecutor.execute(MojoExecutor.java:174)
at org.apache.maven.lifecycle.internal.MojoExecutor.access$000(MojoExecutor.java:75)
at org.apache.maven.lifecycle.internal.MojoExecutor$1.run(MojoExecutor.java:162)
at org.apache.maven.plugin.DefaultMojosExecutionStrategy.execute(DefaultMojosExecutionStrategy.java:39)
at org.apache.maven.lifecycle.internal.MojoExecutor.execute(MojoExecutor.java:159)
at org.apache.maven.lifecycle.internal.LifecycleModuleBuilder.buildProject(LifecycleModuleBuilder.java:105)
at org.apache.maven.lifecycle.internal.LifecycleModuleBuilder.buildProject(LifecycleModuleBuilder.java:73)
at org.apache.maven.lifecycle.internal.builder.singlethreaded.SingleThreadedBuilder.build(SingleThreadedBuilder.java:53)
at org.apache.maven.lifecycle.internal.LifecycleStarter.execute(LifecycleStarter.java:118)
at org.apache.maven.DefaultMaven.doExecute(DefaultMaven.java:261)
at org.apache.maven.DefaultMaven.doExecute(DefaultMaven.java:173)
at org.apache.maven.DefaultMaven.execute(DefaultMaven.java:101)
at org.apache.maven.cli.MavenCli.execute(MavenCli.java:919)
at org.apache.maven.cli.MavenCli.doMain(MavenCli.java:285)
at org.apache.maven.cli.MavenCli.main(MavenCli.java:207)
at java.base/jdk.internal.reflect.DirectMethodHandleAccessor.invoke(DirectMethodHandleAccessor.java:103)
at java.base/java.lang.reflect.Method.invoke(Method.java:580)
at org.codehaus.plexus.classworlds.launcher.Launcher.launchEnhanced(Launcher.java:255)
at org.codehaus.plexus.classworlds.launcher.Launcher.launch(Launcher.java:201)
at org.codehaus.plexus.classworlds.launcher.Launcher.mainWithExitCode(Launcher.java:361)
at org.codehaus.plexus.classworlds.launcher.Launcher.main(Launcher.java:314)
]]>
            </full-stacktrace>
          </exception> <!-- java.lang.AssertionError -->
          <reporter-output>
          </reporter-output>
        </test-method> <!-- applyLeave_pastDate_returns4xx -->
        <test-method signature="applyLeave_validPayload_returns200()[pri:0, instance:com.epam.elms.integration.api.LeaveApiTest@c212536]" started-at="2026-02-25T21:35:09 IST" name="applyLeave_validPayload_returns200" description="POST /leaves/apply – valid leave request returns 200 OK" finished-at="2026-02-25T21:35:09 IST" duration-ms="239" status="FAIL">
          <exception class="java.lang.AssertionError">
            <message>
              <![CDATA[1 expectation failed.
Expected status code <200> but was <403>.
]]>
            </message>
            <full-stacktrace>
              <![CDATA[java.lang.AssertionError: 1 expectation failed.
Expected status code <200> but was <403>.

at java.base/jdk.internal.reflect.DirectConstructorHandleAccessor.newInstance(DirectConstructorHandleAccessor.java:62)
at java.base/java.lang.reflect.Constructor.newInstanceWithCaller(Constructor.java:502)
at java.base/java.lang.reflect.Constructor.newInstance(Constructor.java:486)
at org.codehaus.groovy.reflection.CachedConstructor.invoke(CachedConstructor.java:73)
at org.codehaus.groovy.runtime.callsite.ConstructorSite$ConstructorSiteNoUnwrapNoCoerce.callConstructor(ConstructorSite.java:108)
at org.codehaus.groovy.runtime.callsite.AbstractCallSite.callConstructor(AbstractCallSite.java:277)
at io.restassured.internal.ResponseSpecificationImpl$HamcrestAssertionClosure.validate(ResponseSpecificationImpl.groovy:512)
at io.restassured.internal.ResponseSpecificationImpl$HamcrestAssertionClosure$validate$1.call(Unknown Source)
at io.restassured.internal.ResponseSpecificationImpl.validateResponseIfRequired(ResponseSpecificationImpl.groovy:696)
at io.restassured.internal.ResponseSpecificationImpl.this$2$validateResponseIfRequired(ResponseSpecificationImpl.groovy)
at java.base/jdk.internal.reflect.DirectMethodHandleAccessor.invoke(DirectMethodHandleAccessor.java:103)
at java.base/java.lang.reflect.Method.invoke(Method.java:580)
at org.codehaus.groovy.runtime.callsite.PlainObjectMetaMethodSite.doInvoke(PlainObjectMetaMethodSite.java:43)
at org.codehaus.groovy.runtime.callsite.PogoMetaMethodSite$PogoCachedMethodSiteNoUnwrapNoCoerce.invoke(PogoMetaMethodSite.java:198)
at org.codehaus.groovy.runtime.callsite.PogoMetaMethodSite.callCurrent(PogoMetaMethodSite.java:62)
at org.codehaus.groovy.runtime.callsite.AbstractCallSite.callCurrent(AbstractCallSite.java:185)
at io.restassured.internal.ResponseSpecificationImpl.statusCode(ResponseSpecificationImpl.groovy:135)
at io.restassured.specification.ResponseSpecification$statusCode$0.callCurrent(Unknown Source)
at io.restassured.internal.ResponseSpecificationImpl.statusCode(ResponseSpecificationImpl.groovy:143)
at io.restassured.internal.ValidatableResponseOptionsImpl.statusCode(ValidatableResponseOptionsImpl.java:89)
at com.epam.elms.integration.api.LeaveApiTest.applyLeave_validPayload_returns200(LeaveApiTest.java:137)
at java.base/jdk.internal.reflect.DirectMethodHandleAccessor.invoke(DirectMethodHandleAccessor.java:103)
at java.base/java.lang.reflect.Method.invoke(Method.java:580)
at org.testng.internal.invokers.MethodInvocationHelper.invokeMethod(MethodInvocationHelper.java:139)
at org.testng.internal.invokers.TestInvoker.invokeMethod(TestInvoker.java:664)
at org.testng.internal.invokers.TestInvoker.invokeTestMethod(TestInvoker.java:228)
at org.testng.internal.invokers.MethodRunner.runInSequence(MethodRunner.java:63)
at org.testng.internal.invokers.TestInvoker$MethodInvocationAgent.invoke(TestInvoker.java:961)
at org.testng.internal.invokers.TestInvoker.invokeTestMethods(TestInvoker.java:201)
at org.testng.internal.invokers.TestMethodWorker.invokeTestMethods(TestMethodWorker.java:148)
at org.testng.internal.invokers.TestMethodWorker.run(TestMethodWorker.java:128)
at java.base/java.util.ArrayList.forEach(ArrayList.java:1596)
at org.testng.TestRunner.privateRun(TestRunner.java:819)
at org.testng.TestRunner.run(TestRunner.java:619)
at org.testng.SuiteRunner.runTest(SuiteRunner.java:443)
at org.testng.SuiteRunner.runSequentially(SuiteRunner.java:437)
at org.testng.SuiteRunner.privateRun(SuiteRunner.java:397)
at org.testng.SuiteRunner.run(SuiteRunner.java:336)
at org.testng.SuiteRunnerWorker.runSuite(SuiteRunnerWorker.java:52)
at org.testng.SuiteRunnerWorker.run(SuiteRunnerWorker.java:95)
at org.testng.TestNG.runSuitesSequentially(TestNG.java:1301)
at org.testng.TestNG.runSuitesLocally(TestNG.java:1228)
at org.testng.TestNG.runSuites(TestNG.java:1134)
at org.testng.TestNG.run(TestNG.java:1101)
at org.apache.maven.surefire.testng.TestNGExecutor.run(TestNGExecutor.java:308)
at org.apache.maven.surefire.testng.TestNGXmlTestSuite.execute(TestNGXmlTestSuite.java:71)
at org.apache.maven.surefire.testng.TestNGProvider.invoke(TestNGProvider.java:113)
at java.base/jdk.internal.reflect.DirectMethodHandleAccessor.invoke(DirectMethodHandleAccessor.java:103)
at java.base/java.lang.reflect.Method.invoke(Method.java:580)
at org.apache.maven.surefire.api.util.ReflectionUtils.invokeMethodWithArray2(ReflectionUtils.java:137)
at org.apache.maven.surefire.booter.ProviderFactory$ProviderProxy.invoke(ProviderFactory.java:148)
at org.apache.maven.surefire.booter.ProviderFactory.invokeProvider(ProviderFactory.java:88)
at org.apache.maven.plugin.surefire.InPluginVMSurefireStarter.runSuitesInProcess(InPluginVMSurefireStarter.java:91)
at org.apache.maven.plugin.surefire.AbstractSurefireMojo.executeProvider(AbstractSurefireMojo.java:1212)
at org.apache.maven.plugin.surefire.AbstractSurefireMojo.executeAfterPreconditionsChecked(AbstractSurefireMojo.java:1090)
at org.apache.maven.plugin.surefire.AbstractSurefireMojo.execute(AbstractSurefireMojo.java:910)
at org.apache.maven.plugin.DefaultBuildPluginManager.executeMojo(DefaultBuildPluginManager.java:126)
at org.apache.maven.lifecycle.internal.MojoExecutor.doExecute2(MojoExecutor.java:328)
at org.apache.maven.lifecycle.internal.MojoExecutor.doExecute(MojoExecutor.java:316)
at org.apache.maven.lifecycle.internal.MojoExecutor.execute(MojoExecutor.java:212)
at org.apache.maven.lifecycle.internal.MojoExecutor.execute(MojoExecutor.java:174)
at org.apache.maven.lifecycle.internal.MojoExecutor.access$000(MojoExecutor.java:75)
at org.apache.maven.lifecycle.internal.MojoExecutor$1.run(MojoExecutor.java:162)
at org.apache.maven.plugin.DefaultMojosExecutionStrategy.execute(DefaultMojosExecutionStrategy.java:39)
at org.apache.maven.lifecycle.internal.MojoExecutor.execute(MojoExecutor.java:159)
at org.apache.maven.lifecycle.internal.LifecycleModuleBuilder.buildProject(LifecycleModuleBuilder.java:105)
at org.apache.maven.lifecycle.internal.LifecycleModuleBuilder.buildProject(LifecycleModuleBuilder.java:73)
at org.apache.maven.lifecycle.internal.builder.singlethreaded.SingleThreadedBuilder.build(SingleThreadedBuilder.java:53)
at org.apache.maven.lifecycle.internal.LifecycleStarter.execute(LifecycleStarter.java:118)
at org.apache.maven.DefaultMaven.doExecute(DefaultMaven.java:261)
at org.apache.maven.DefaultMaven.doExecute(DefaultMaven.java:173)
at org.apache.maven.DefaultMaven.execute(DefaultMaven.java:101)
at org.apache.maven.cli.MavenCli.execute(MavenCli.java:919)
at org.apache.maven.cli.MavenCli.doMain(MavenCli.java:285)
at org.apache.maven.cli.MavenCli.main(MavenCli.java:207)
at java.base/jdk.internal.reflect.DirectMethodHandleAccessor.invoke(DirectMethodHandleAccessor.java:103)
at java.base/java.lang.reflect.Method.invoke(Method.java:580)
at org.codehaus.plexus.classworlds.launcher.Launcher.launchEnhanced(Launcher.java:255)
at org.codehaus.plexus.classworlds.launcher.Launcher.launch(Launcher.java:201)
at org.codehaus.plexus.classworlds.launcher.Launcher.mainWithExitCode(Launcher.java:361)
at org.codehaus.plexus.classworlds.launcher.Launcher.main(Launcher.java:314)
]]>
            </full-stacktrace>
          </exception> <!-- java.lang.AssertionError -->
          <reporter-output>
          </reporter-output>
        </test-method> <!-- applyLeave_validPayload_returns200 -->
        <test-method signature="approveLeave_noAuth_returns401or403()[pri:0, instance:com.epam.elms.integration.api.LeaveApiTest@c212536]" started-at="2026-02-25T21:35:09 IST" name="approveLeave_noAuth_returns401or403" description="PUT /leaves/{id}/approve – unauthenticated returns 401 or 403" finished-at="2026-02-25T21:35:09 IST" duration-ms="14" status="PASS">
          <reporter-output>
          </reporter-output>
        </test-method> <!-- approveLeave_noAuth_returns401or403 -->
        <test-method signature="approveLeave_nonExistentId_returns4xx()[pri:0, instance:com.epam.elms.integration.api.LeaveApiTest@c212536]" started-at="2026-02-25T21:35:09 IST" name="approveLeave_nonExistentId_returns4xx" description="PUT /leaves/{id}/approve – non-existent id returns 4xx" finished-at="2026-02-25T21:35:09 IST" duration-ms="19" status="FAIL">
          <exception class="java.lang.AssertionError">
            <message>
              <![CDATA[1 expectation failed.
Expected status code (is <400> or is <404> or is <422>) but was <403>.
]]>
            </message>
            <full-stacktrace>
              <![CDATA[java.lang.AssertionError: 1 expectation failed.
Expected status code (is <400> or is <404> or is <422>) but was <403>.

at java.base/jdk.internal.reflect.DirectConstructorHandleAccessor.newInstance(DirectConstructorHandleAccessor.java:62)
at java.base/java.lang.reflect.Constructor.newInstanceWithCaller(Constructor.java:502)
at java.base/java.lang.reflect.Constructor.newInstance(Constructor.java:486)
at org.codehaus.groovy.reflection.CachedConstructor.invoke(CachedConstructor.java:73)
at org.codehaus.groovy.runtime.callsite.ConstructorSite$ConstructorSiteNoUnwrapNoCoerce.callConstructor(ConstructorSite.java:108)
at org.codehaus.groovy.runtime.callsite.AbstractCallSite.callConstructor(AbstractCallSite.java:277)
at io.restassured.internal.ResponseSpecificationImpl$HamcrestAssertionClosure.validate(ResponseSpecificationImpl.groovy:512)
at io.restassured.internal.ResponseSpecificationImpl$HamcrestAssertionClosure$validate$1.call(Unknown Source)
at io.restassured.internal.ResponseSpecificationImpl.validateResponseIfRequired(ResponseSpecificationImpl.groovy:696)
at io.restassured.internal.ResponseSpecificationImpl.this$2$validateResponseIfRequired(ResponseSpecificationImpl.groovy)
at java.base/jdk.internal.reflect.DirectMethodHandleAccessor.invoke(DirectMethodHandleAccessor.java:103)
at java.base/java.lang.reflect.Method.invoke(Method.java:580)
at org.codehaus.groovy.runtime.callsite.PlainObjectMetaMethodSite.doInvoke(PlainObjectMetaMethodSite.java:43)
at org.codehaus.groovy.runtime.callsite.PogoMetaMethodSite$PogoCachedMethodSiteNoUnwrapNoCoerce.invoke(PogoMetaMethodSite.java:198)
at org.codehaus.groovy.runtime.callsite.PogoMetaMethodSite.callCurrent(PogoMetaMethodSite.java:62)
at org.codehaus.groovy.runtime.callsite.AbstractCallSite.callCurrent(AbstractCallSite.java:185)
at io.restassured.internal.ResponseSpecificationImpl.statusCode(ResponseSpecificationImpl.groovy:135)
at io.restassured.internal.ValidatableResponseOptionsImpl.statusCode(ValidatableResponseOptionsImpl.java:84)
at com.epam.elms.integration.api.LeaveApiTest.approveLeave_nonExistentId_returns4xx(LeaveApiTest.java:219)
at java.base/jdk.internal.reflect.DirectMethodHandleAccessor.invoke(DirectMethodHandleAccessor.java:103)
at java.base/java.lang.reflect.Method.invoke(Method.java:580)
at org.testng.internal.invokers.MethodInvocationHelper.invokeMethod(MethodInvocationHelper.java:139)
at org.testng.internal.invokers.TestInvoker.invokeMethod(TestInvoker.java:664)
at org.testng.internal.invokers.TestInvoker.invokeTestMethod(TestInvoker.java:228)
at org.testng.internal.invokers.MethodRunner.runInSequence(MethodRunner.java:63)
at org.testng.internal.invokers.TestInvoker$MethodInvocationAgent.invoke(TestInvoker.java:961)
at org.testng.internal.invokers.TestInvoker.invokeTestMethods(TestInvoker.java:201)
at org.testng.internal.invokers.TestMethodWorker.invokeTestMethods(TestMethodWorker.java:148)
at org.testng.internal.invokers.TestMethodWorker.run(TestMethodWorker.java:128)
at java.base/java.util.ArrayList.forEach(ArrayList.java:1596)
at org.testng.TestRunner.privateRun(TestRunner.java:819)
at org.testng.TestRunner.run(TestRunner.java:619)
at org.testng.SuiteRunner.runTest(SuiteRunner.java:443)
at org.testng.SuiteRunner.runSequentially(SuiteRunner.java:437)
at org.testng.SuiteRunner.privateRun(SuiteRunner.java:397)
at org.testng.SuiteRunner.run(SuiteRunner.java:336)
at org.testng.SuiteRunnerWorker.runSuite(SuiteRunnerWorker.java:52)
at org.testng.SuiteRunnerWorker.run(SuiteRunnerWorker.java:95)
at org.testng.TestNG.runSuitesSequentially(TestNG.java:1301)
at org.testng.TestNG.runSuitesLocally(TestNG.java:1228)
at org.testng.TestNG.runSuites(TestNG.java:1134)
at org.testng.TestNG.run(TestNG.java:1101)
at org.apache.maven.surefire.testng.TestNGExecutor.run(TestNGExecutor.java:308)
at org.apache.maven.surefire.testng.TestNGXmlTestSuite.execute(TestNGXmlTestSuite.java:71)
at org.apache.maven.surefire.testng.TestNGProvider.invoke(TestNGProvider.java:113)
at java.base/jdk.internal.reflect.DirectMethodHandleAccessor.invoke(DirectMethodHandleAccessor.java:103)
at java.base/java.lang.reflect.Method.invoke(Method.java:580)
at org.apache.maven.surefire.api.util.ReflectionUtils.invokeMethodWithArray2(ReflectionUtils.java:137)
at org.apache.maven.surefire.booter.ProviderFactory$ProviderProxy.invoke(ProviderFactory.java:148)
at org.apache.maven.surefire.booter.ProviderFactory.invokeProvider(ProviderFactory.java:88)
at org.apache.maven.plugin.surefire.InPluginVMSurefireStarter.runSuitesInProcess(InPluginVMSurefireStarter.java:91)
at org.apache.maven.plugin.surefire.AbstractSurefireMojo.executeProvider(AbstractSurefireMojo.java:1212)
at org.apache.maven.plugin.surefire.AbstractSurefireMojo.executeAfterPreconditionsChecked(AbstractSurefireMojo.java:1090)
at org.apache.maven.plugin.surefire.AbstractSurefireMojo.execute(AbstractSurefireMojo.java:910)
at org.apache.maven.plugin.DefaultBuildPluginManager.executeMojo(DefaultBuildPluginManager.java:126)
at org.apache.maven.lifecycle.internal.MojoExecutor.doExecute2(MojoExecutor.java:328)
at org.apache.maven.lifecycle.internal.MojoExecutor.doExecute(MojoExecutor.java:316)
at org.apache.maven.lifecycle.internal.MojoExecutor.execute(MojoExecutor.java:212)
at org.apache.maven.lifecycle.internal.MojoExecutor.execute(MojoExecutor.java:174)
at org.apache.maven.lifecycle.internal.MojoExecutor.access$000(MojoExecutor.java:75)
at org.apache.maven.lifecycle.internal.MojoExecutor$1.run(MojoExecutor.java:162)
at org.apache.maven.plugin.DefaultMojosExecutionStrategy.execute(DefaultMojosExecutionStrategy.java:39)
at org.apache.maven.lifecycle.internal.MojoExecutor.execute(MojoExecutor.java:159)
at org.apache.maven.lifecycle.internal.LifecycleModuleBuilder.buildProject(LifecycleModuleBuilder.java:105)
at org.apache.maven.lifecycle.internal.LifecycleModuleBuilder.buildProject(LifecycleModuleBuilder.java:73)
at org.apache.maven.lifecycle.internal.builder.singlethreaded.SingleThreadedBuilder.build(SingleThreadedBuilder.java:53)
at org.apache.maven.lifecycle.internal.LifecycleStarter.execute(LifecycleStarter.java:118)
at org.apache.maven.DefaultMaven.doExecute(DefaultMaven.java:261)
at org.apache.maven.DefaultMaven.doExecute(DefaultMaven.java:173)
at org.apache.maven.DefaultMaven.execute(DefaultMaven.java:101)
at org.apache.maven.cli.MavenCli.execute(MavenCli.java:919)
at org.apache.maven.cli.MavenCli.doMain(MavenCli.java:285)
at org.apache.maven.cli.MavenCli.main(MavenCli.java:207)
at java.base/jdk.internal.reflect.DirectMethodHandleAccessor.invoke(DirectMethodHandleAccessor.java:103)
at java.base/java.lang.reflect.Method.invoke(Method.java:580)
at org.codehaus.plexus.classworlds.launcher.Launcher.launchEnhanced(Launcher.java:255)
at org.codehaus.plexus.classworlds.launcher.Launcher.launch(Launcher.java:201)
at org.codehaus.plexus.classworlds.launcher.Launcher.mainWithExitCode(Launcher.java:361)
at org.codehaus.plexus.classworlds.launcher.Launcher.main(Launcher.java:314)
]]>
            </full-stacktrace>
          </exception> <!-- java.lang.AssertionError -->
          <reporter-output>
          </reporter-output>
        </test-method> <!-- approveLeave_nonExistentId_returns4xx -->
        <test-method signature="getEmployeeLeaves_returnsOkWithList()[pri:0, instance:com.epam.elms.integration.api.LeaveApiTest@c212536]" started-at="2026-02-25T21:35:09 IST" name="getEmployeeLeaves_returnsOkWithList" description="GET /leaves/employee/{id} – returns 200 with list (may be empty)" finished-at="2026-02-25T21:35:10 IST" duration-ms="250" status="FAIL">
          <exception class="java.lang.AssertionError">
            <message>
              <![CDATA[1 expectation failed.
Expected status code <200> but was <403>.
]]>
            </message>
            <full-stacktrace>
              <![CDATA[java.lang.AssertionError: 1 expectation failed.
Expected status code <200> but was <403>.

at java.base/jdk.internal.reflect.DirectConstructorHandleAccessor.newInstance(DirectConstructorHandleAccessor.java:62)
at java.base/java.lang.reflect.Constructor.newInstanceWithCaller(Constructor.java:502)
at java.base/java.lang.reflect.Constructor.newInstance(Constructor.java:486)
at org.codehaus.groovy.reflection.CachedConstructor.invoke(CachedConstructor.java:73)
at org.codehaus.groovy.runtime.callsite.ConstructorSite$ConstructorSiteNoUnwrapNoCoerce.callConstructor(ConstructorSite.java:108)
at org.codehaus.groovy.runtime.callsite.AbstractCallSite.callConstructor(AbstractCallSite.java:277)
at io.restassured.internal.ResponseSpecificationImpl$HamcrestAssertionClosure.validate(ResponseSpecificationImpl.groovy:512)
at io.restassured.internal.ResponseSpecificationImpl$HamcrestAssertionClosure$validate$1.call(Unknown Source)
at io.restassured.internal.ResponseSpecificationImpl.validateResponseIfRequired(ResponseSpecificationImpl.groovy:696)
at io.restassured.internal.ResponseSpecificationImpl.this$2$validateResponseIfRequired(ResponseSpecificationImpl.groovy)
at java.base/jdk.internal.reflect.DirectMethodHandleAccessor.invoke(DirectMethodHandleAccessor.java:103)
at java.base/java.lang.reflect.Method.invoke(Method.java:580)
at org.codehaus.groovy.runtime.callsite.PlainObjectMetaMethodSite.doInvoke(PlainObjectMetaMethodSite.java:43)
at org.codehaus.groovy.runtime.callsite.PogoMetaMethodSite$PogoCachedMethodSiteNoUnwrapNoCoerce.invoke(PogoMetaMethodSite.java:198)
at org.codehaus.groovy.runtime.callsite.PogoMetaMethodSite.callCurrent(PogoMetaMethodSite.java:62)
at org.codehaus.groovy.runtime.callsite.AbstractCallSite.callCurrent(AbstractCallSite.java:185)
at io.restassured.internal.ResponseSpecificationImpl.statusCode(ResponseSpecificationImpl.groovy:135)
at io.restassured.specification.ResponseSpecification$statusCode$0.callCurrent(Unknown Source)
at io.restassured.internal.ResponseSpecificationImpl.statusCode(ResponseSpecificationImpl.groovy:143)
at io.restassured.internal.ValidatableResponseOptionsImpl.statusCode(ValidatableResponseOptionsImpl.java:89)
at com.epam.elms.integration.api.LeaveApiTest.getEmployeeLeaves_returnsOkWithList(LeaveApiTest.java:70)
at java.base/jdk.internal.reflect.DirectMethodHandleAccessor.invoke(DirectMethodHandleAccessor.java:103)
at java.base/java.lang.reflect.Method.invoke(Method.java:580)
at org.testng.internal.invokers.MethodInvocationHelper.invokeMethod(MethodInvocationHelper.java:139)
at org.testng.internal.invokers.TestInvoker.invokeMethod(TestInvoker.java:664)
at org.testng.internal.invokers.TestInvoker.invokeTestMethod(TestInvoker.java:228)
at org.testng.internal.invokers.MethodRunner.runInSequence(MethodRunner.java:63)
at org.testng.internal.invokers.TestInvoker$MethodInvocationAgent.invoke(TestInvoker.java:961)
at org.testng.internal.invokers.TestInvoker.invokeTestMethods(TestInvoker.java:201)
at org.testng.internal.invokers.TestMethodWorker.invokeTestMethods(TestMethodWorker.java:148)
at org.testng.internal.invokers.TestMethodWorker.run(TestMethodWorker.java:128)
at java.base/java.util.ArrayList.forEach(ArrayList.java:1596)
at org.testng.TestRunner.privateRun(TestRunner.java:819)
at org.testng.TestRunner.run(TestRunner.java:619)
at org.testng.SuiteRunner.runTest(SuiteRunner.java:443)
at org.testng.SuiteRunner.runSequentially(SuiteRunner.java:437)
at org.testng.SuiteRunner.privateRun(SuiteRunner.java:397)
at org.testng.SuiteRunner.run(SuiteRunner.java:336)
at org.testng.SuiteRunnerWorker.runSuite(SuiteRunnerWorker.java:52)
at org.testng.SuiteRunnerWorker.run(SuiteRunnerWorker.java:95)
at org.testng.TestNG.runSuitesSequentially(TestNG.java:1301)
at org.testng.TestNG.runSuitesLocally(TestNG.java:1228)
at org.testng.TestNG.runSuites(TestNG.java:1134)
at org.testng.TestNG.run(TestNG.java:1101)
at org.apache.maven.surefire.testng.TestNGExecutor.run(TestNGExecutor.java:308)
at org.apache.maven.surefire.testng.TestNGXmlTestSuite.execute(TestNGXmlTestSuite.java:71)
at org.apache.maven.surefire.testng.TestNGProvider.invoke(TestNGProvider.java:113)
at java.base/jdk.internal.reflect.DirectMethodHandleAccessor.invoke(DirectMethodHandleAccessor.java:103)
at java.base/java.lang.reflect.Method.invoke(Method.java:580)
at org.apache.maven.surefire.api.util.ReflectionUtils.invokeMethodWithArray2(ReflectionUtils.java:137)
at org.apache.maven.surefire.booter.ProviderFactory$ProviderProxy.invoke(ProviderFactory.java:148)
at org.apache.maven.surefire.booter.ProviderFactory.invokeProvider(ProviderFactory.java:88)
at org.apache.maven.plugin.surefire.InPluginVMSurefireStarter.runSuitesInProcess(InPluginVMSurefireStarter.java:91)
at org.apache.maven.plugin.surefire.AbstractSurefireMojo.executeProvider(AbstractSurefireMojo.java:1212)
at org.apache.maven.plugin.surefire.AbstractSurefireMojo.executeAfterPreconditionsChecked(AbstractSurefireMojo.java:1090)
at org.apache.maven.plugin.surefire.AbstractSurefireMojo.execute(AbstractSurefireMojo.java:910)
at org.apache.maven.plugin.DefaultBuildPluginManager.executeMojo(DefaultBuildPluginManager.java:126)
at org.apache.maven.lifecycle.internal.MojoExecutor.doExecute2(MojoExecutor.java:328)
at org.apache.maven.lifecycle.internal.MojoExecutor.doExecute(MojoExecutor.java:316)
at org.apache.maven.lifecycle.internal.MojoExecutor.execute(MojoExecutor.java:212)
at org.apache.maven.lifecycle.internal.MojoExecutor.execute(MojoExecutor.java:174)
at org.apache.maven.lifecycle.internal.MojoExecutor.access$000(MojoExecutor.java:75)
at org.apache.maven.lifecycle.internal.MojoExecutor$1.run(MojoExecutor.java:162)
at org.apache.maven.plugin.DefaultMojosExecutionStrategy.execute(DefaultMojosExecutionStrategy.java:39)
at org.apache.maven.lifecycle.internal.MojoExecutor.execute(MojoExecutor.java:159)
at org.apache.maven.lifecycle.internal.LifecycleModuleBuilder.buildProject(LifecycleModuleBuilder.java:105)
at org.apache.maven.lifecycle.internal.LifecycleModuleBuilder.buildProject(LifecycleModuleBuilder.java:73)
at org.apache.maven.lifecycle.internal.builder.singlethreaded.SingleThreadedBuilder.build(SingleThreadedBuilder.java:53)
at org.apache.maven.lifecycle.internal.LifecycleStarter.execute(LifecycleStarter.java:118)
at org.apache.maven.DefaultMaven.doExecute(DefaultMaven.java:261)
at org.apache.maven.DefaultMaven.doExecute(DefaultMaven.java:173)
at org.apache.maven.DefaultMaven.execute(DefaultMaven.java:101)
at org.apache.maven.cli.MavenCli.execute(MavenCli.java:919)
at org.apache.maven.cli.MavenCli.doMain(MavenCli.java:285)
at org.apache.maven.cli.MavenCli.main(MavenCli.java:207)
at java.base/jdk.internal.reflect.DirectMethodHandleAccessor.invoke(DirectMethodHandleAccessor.java:103)
at java.base/java.lang.reflect.Method.invoke(Method.java:580)
at org.codehaus.plexus.classworlds.launcher.Launcher.launchEnhanced(Launcher.java:255)
at org.codehaus.plexus.classworlds.launcher.Launcher.launch(Launcher.java:201)
at org.codehaus.plexus.classworlds.launcher.Launcher.mainWithExitCode(Launcher.java:361)
at org.codehaus.plexus.classworlds.launcher.Launcher.main(Launcher.java:314)
]]>
            </full-stacktrace>
          </exception> <!-- java.lang.AssertionError -->
          <reporter-output>
          </reporter-output>
        </test-method> <!-- getEmployeeLeaves_returnsOkWithList -->
        <test-method signature="getEmployeeLeaves_withoutAuth_returns401or403()[pri:0, instance:com.epam.elms.integration.api.LeaveApiTest@c212536]" started-at="2026-02-25T21:35:10 IST" name="getEmployeeLeaves_withoutAuth_returns401or403" description="GET /leaves/employee/{id} – unauthenticated request returns 401 or 403" finished-at="2026-02-25T21:35:10 IST" duration-ms="15" status="PASS">
          <reporter-output>
          </reporter-output>
        </test-method> <!-- getEmployeeLeaves_withoutAuth_returns401or403 -->
        <test-method signature="getPendingLeaves_authenticated_returns200()[pri:0, instance:com.epam.elms.integration.api.LeaveApiTest@c212536]" started-at="2026-02-25T21:35:10 IST" name="getPendingLeaves_authenticated_returns200" description="GET /leaves/pending – authenticated request returns 200 with a list" finished-at="2026-02-25T21:35:10 IST" duration-ms="16" status="FAIL">
          <exception class="java.lang.AssertionError">
            <message>
              <![CDATA[1 expectation failed.
Expected status code <200> but was <403>.
]]>
            </message>
            <full-stacktrace>
              <![CDATA[java.lang.AssertionError: 1 expectation failed.
Expected status code <200> but was <403>.

at java.base/jdk.internal.reflect.DirectConstructorHandleAccessor.newInstance(DirectConstructorHandleAccessor.java:62)
at java.base/java.lang.reflect.Constructor.newInstanceWithCaller(Constructor.java:502)
at java.base/java.lang.reflect.Constructor.newInstance(Constructor.java:486)
at org.codehaus.groovy.reflection.CachedConstructor.invoke(CachedConstructor.java:73)
at org.codehaus.groovy.runtime.callsite.ConstructorSite$ConstructorSiteNoUnwrapNoCoerce.callConstructor(ConstructorSite.java:108)
at org.codehaus.groovy.runtime.callsite.AbstractCallSite.callConstructor(AbstractCallSite.java:277)
at io.restassured.internal.ResponseSpecificationImpl$HamcrestAssertionClosure.validate(ResponseSpecificationImpl.groovy:512)
at io.restassured.internal.ResponseSpecificationImpl$HamcrestAssertionClosure$validate$1.call(Unknown Source)
at io.restassured.internal.ResponseSpecificationImpl.validateResponseIfRequired(ResponseSpecificationImpl.groovy:696)
at io.restassured.internal.ResponseSpecificationImpl.this$2$validateResponseIfRequired(ResponseSpecificationImpl.groovy)
at java.base/jdk.internal.reflect.DirectMethodHandleAccessor.invoke(DirectMethodHandleAccessor.java:103)
at java.base/java.lang.reflect.Method.invoke(Method.java:580)
at org.codehaus.groovy.runtime.callsite.PlainObjectMetaMethodSite.doInvoke(PlainObjectMetaMethodSite.java:43)
at org.codehaus.groovy.runtime.callsite.PogoMetaMethodSite$PogoCachedMethodSiteNoUnwrapNoCoerce.invoke(PogoMetaMethodSite.java:198)
at org.codehaus.groovy.runtime.callsite.PogoMetaMethodSite.callCurrent(PogoMetaMethodSite.java:62)
at org.codehaus.groovy.runtime.callsite.AbstractCallSite.callCurrent(AbstractCallSite.java:185)
at io.restassured.internal.ResponseSpecificationImpl.statusCode(ResponseSpecificationImpl.groovy:135)
at io.restassured.specification.ResponseSpecification$statusCode$0.callCurrent(Unknown Source)
at io.restassured.internal.ResponseSpecificationImpl.statusCode(ResponseSpecificationImpl.groovy:143)
at io.restassured.internal.ValidatableResponseOptionsImpl.statusCode(ValidatableResponseOptionsImpl.java:89)
at com.epam.elms.integration.api.LeaveApiTest.getPendingLeaves_authenticated_returns200(LeaveApiTest.java:95)
at java.base/jdk.internal.reflect.DirectMethodHandleAccessor.invoke(DirectMethodHandleAccessor.java:103)
at java.base/java.lang.reflect.Method.invoke(Method.java:580)
at org.testng.internal.invokers.MethodInvocationHelper.invokeMethod(MethodInvocationHelper.java:139)
at org.testng.internal.invokers.TestInvoker.invokeMethod(TestInvoker.java:664)
at org.testng.internal.invokers.TestInvoker.invokeTestMethod(TestInvoker.java:228)
at org.testng.internal.invokers.MethodRunner.runInSequence(MethodRunner.java:63)
at org.testng.internal.invokers.TestInvoker$MethodInvocationAgent.invoke(TestInvoker.java:961)
at org.testng.internal.invokers.TestInvoker.invokeTestMethods(TestInvoker.java:201)
at org.testng.internal.invokers.TestMethodWorker.invokeTestMethods(TestMethodWorker.java:148)
at org.testng.internal.invokers.TestMethodWorker.run(TestMethodWorker.java:128)
at java.base/java.util.ArrayList.forEach(ArrayList.java:1596)
at org.testng.TestRunner.privateRun(TestRunner.java:819)
at org.testng.TestRunner.run(TestRunner.java:619)
at org.testng.SuiteRunner.runTest(SuiteRunner.java:443)
at org.testng.SuiteRunner.runSequentially(SuiteRunner.java:437)
at org.testng.SuiteRunner.privateRun(SuiteRunner.java:397)
at org.testng.SuiteRunner.run(SuiteRunner.java:336)
at org.testng.SuiteRunnerWorker.runSuite(SuiteRunnerWorker.java:52)
at org.testng.SuiteRunnerWorker.run(SuiteRunnerWorker.java:95)
at org.testng.TestNG.runSuitesSequentially(TestNG.java:1301)
at org.testng.TestNG.runSuitesLocally(TestNG.java:1228)
at org.testng.TestNG.runSuites(TestNG.java:1134)
at org.testng.TestNG.run(TestNG.java:1101)
at org.apache.maven.surefire.testng.TestNGExecutor.run(TestNGExecutor.java:308)
at org.apache.maven.surefire.testng.TestNGXmlTestSuite.execute(TestNGXmlTestSuite.java:71)
at org.apache.maven.surefire.testng.TestNGProvider.invoke(TestNGProvider.java:113)
at java.base/jdk.internal.reflect.DirectMethodHandleAccessor.invoke(DirectMethodHandleAccessor.java:103)
at java.base/java.lang.reflect.Method.invoke(Method.java:580)
at org.apache.maven.surefire.api.util.ReflectionUtils.invokeMethodWithArray2(ReflectionUtils.java:137)
at org.apache.maven.surefire.booter.ProviderFactory$ProviderProxy.invoke(ProviderFactory.java:148)
at org.apache.maven.surefire.booter.ProviderFactory.invokeProvider(ProviderFactory.java:88)
at org.apache.maven.plugin.surefire.InPluginVMSurefireStarter.runSuitesInProcess(InPluginVMSurefireStarter.java:91)
at org.apache.maven.plugin.surefire.AbstractSurefireMojo.executeProvider(AbstractSurefireMojo.java:1212)
at org.apache.maven.plugin.surefire.AbstractSurefireMojo.executeAfterPreconditionsChecked(AbstractSurefireMojo.java:1090)
at org.apache.maven.plugin.surefire.AbstractSurefireMojo.execute(AbstractSurefireMojo.java:910)
at org.apache.maven.plugin.DefaultBuildPluginManager.executeMojo(DefaultBuildPluginManager.java:126)
at org.apache.maven.lifecycle.internal.MojoExecutor.doExecute2(MojoExecutor.java:328)
at org.apache.maven.lifecycle.internal.MojoExecutor.doExecute(MojoExecutor.java:316)
at org.apache.maven.lifecycle.internal.MojoExecutor.execute(MojoExecutor.java:212)
at org.apache.maven.lifecycle.internal.MojoExecutor.execute(MojoExecutor.java:174)
at org.apache.maven.lifecycle.internal.MojoExecutor.access$000(MojoExecutor.java:75)
at org.apache.maven.lifecycle.internal.MojoExecutor$1.run(MojoExecutor.java:162)
at org.apache.maven.plugin.DefaultMojosExecutionStrategy.execute(DefaultMojosExecutionStrategy.java:39)
at org.apache.maven.lifecycle.internal.MojoExecutor.execute(MojoExecutor.java:159)
at org.apache.maven.lifecycle.internal.LifecycleModuleBuilder.buildProject(LifecycleModuleBuilder.java:105)
[...]
at org.apache.maven.plugin.surefire.InPluginVMSurefireStarter.runSuitesInProcess(InPluginVMSurefireStarter.java:91)
at org.apache.maven.plugin.surefire.AbstractSurefireMojo.executeProvider(AbstractSurefireMojo.java:1212)
at org.apache.maven.plugin.surefire.AbstractSurefireMojo.executeAfterPreconditionsChecked(AbstractSurefireMojo.java:1090)
at org.apache.maven.plugin.surefire.AbstractSurefireMojo.execute(AbstractSurefireMojo.java:910)
at org.apache.maven.plugin.DefaultBuildPluginManager.executeMojo(DefaultBuildPluginManager.java:126)
at org.apache.maven.lifecycle.internal.MojoExecutor.doExecute2(MojoExecutor.java:328)
at org.apache.maven.lifecycle.internal.MojoExecutor.doExecute(MojoExecutor.java:316)
at org.apache.maven.lifecycle.internal.MojoExecutor.execute(MojoExecutor.java:212)
at org.apache.maven.lifecycle.internal.MojoExecutor.execute(MojoExecutor.java:174)
at org.apache.maven.lifecycle.internal.MojoExecutor.access$000(MojoExecutor.java:75)
at org.apache.maven.lifecycle.internal.MojoExecutor$1.run(MojoExecutor.java:162)
at org.apache.maven.plugin.DefaultMojosExecutionStrategy.execute(DefaultMojosExecutionStrategy.java:39)
at org.apache.maven.lifecycle.internal.MojoExecutor.execute(MojoExecutor.java:159)
at org.apache.maven.lifecycle.internal.LifecycleModuleBuilder.buildProject(LifecycleModuleBuilder.java:105)
at org.apache.maven.lifecycle.internal.LifecycleModuleBuilder.buildProject(LifecycleModuleBuilder.java:73)
at org.apache.maven.lifecycle.internal.builder.singlethreaded.SingleThreadedBuilder.build(SingleThreadedBuilder.java:53)
at org.apache.maven.lifecycle.internal.LifecycleStarter.execute(LifecycleStarter.java:118)
at org.apache.maven.DefaultMaven.doExecute(DefaultMaven.java:261)
at org.apache.maven.DefaultMaven.doExecute(DefaultMaven.java:173)
at org.apache.maven.DefaultMaven.execute(DefaultMaven.java:101)
at org.apache.maven.cli.MavenCli.execute(MavenCli.java:919)
at org.apache.maven.cli.MavenCli.doMain(MavenCli.java:285)
at org.apache.maven.cli.MavenCli.main(MavenCli.java:207)
at java.base/jdk.internal.reflect.DirectMethodHandleAccessor.invoke(DirectMethodHandleAccessor.java:103)
at java.base/java.lang.reflect.Method.invoke(Method.java:580)
at org.codehaus.plexus.classworlds.launcher.Launcher.launchEnhanced(Launcher.java:255)
at org.codehaus.plexus.classworlds.launcher.Launcher.launch(Launcher.java:201)
at org.codehaus.plexus.classworlds.launcher.Launcher.mainWithExitCode(Launcher.java:361)
at org.codehaus.plexus.classworlds.launcher.Launcher.main(Launcher.java:314)
]]>
            </full-stacktrace>
          </exception> <!-- java.lang.AssertionError -->
          <reporter-output>
          </reporter-output>
        </test-method> <!-- getLeaveReports_authenticated_returns200WithList -->
        <test-method signature="getLeaveReports_employeeToken_returns200or403()[pri:0, instance:com.epam.elms.integration.api.ReportApiTest@4ef5dd23]" started-at="2026-02-25T21:35:12 IST" name="getLeaveReports_employeeToken_returns200or403" description="GET /reports/leaves – employee token is accepted (endpoint is accessible to authenticated users)" finished-at="2026-02-25T21:35:12 IST" duration-ms="15" status="PASS">
          <reporter-output>
          </reporter-output>
        </test-method> <!-- getLeaveReports_employeeToken_returns200or403 -->
        <test-method signature="getLeaveReports_noAuth_returns401or403()[pri:0, instance:com.epam.elms.integration.api.ReportApiTest@4ef5dd23]" started-at="2026-02-25T21:35:12 IST" name="getLeaveReports_noAuth_returns401or403" description="GET /reports/leaves – unauthenticated returns 401 or 403" finished-at="2026-02-25T21:35:12 IST" duration-ms="11" status="PASS">
          <reporter-output>
          </reporter-output>
        </test-method> <!-- getLeaveReports_noAuth_returns401or403 -->
        <test-method signature="getLeaveReports_noLeaves_returnsEmptyOrNonEmptyArray()[pri:0, instance:com.epam.elms.integration.api.ReportApiTest@4ef5dd23]" started-at="2026-02-25T21:35:12 IST" name="getLeaveReports_noLeaves_returnsEmptyOrNonEmptyArray" description="GET /reports/leaves – response is an array even when no leaves exist" finished-at="2026-02-25T21:35:12 IST" duration-ms="14" status="FAIL">
          <exception class="java.lang.AssertionError">
            <message>
              <![CDATA[1 expectation failed.
Expected status code <200> but was <403>.
]]>
            </message>
            <full-stacktrace>
              <![CDATA[java.lang.AssertionError: 1 expectation failed.
Expected status code <200> but was <403>.

at java.base/jdk.internal.reflect.DirectConstructorHandleAccessor.newInstance(DirectConstructorHandleAccessor.java:62)
at java.base/java.lang.reflect.Constructor.newInstanceWithCaller(Constructor.java:502)
at java.base/java.lang.reflect.Constructor.newInstance(Constructor.java:486)
at org.codehaus.groovy.reflection.CachedConstructor.invoke(CachedConstructor.java:73)
at org.codehaus.groovy.runtime.callsite.ConstructorSite$ConstructorSiteNoUnwrapNoCoerce.callConstructor(ConstructorSite.java:108)
at org.codehaus.groovy.runtime.callsite.AbstractCallSite.callConstructor(AbstractCallSite.java:277)
at io.restassured.internal.ResponseSpecificationImpl$HamcrestAssertionClosure.validate(ResponseSpecificationImpl.groovy:512)
at io.restassured.internal.ResponseSpecificationImpl$HamcrestAssertionClosure$validate$1.call(Unknown Source)
at io.restassured.internal.ResponseSpecificationImpl.validateResponseIfRequired(ResponseSpecificationImpl.groovy:696)
at io.restassured.internal.ResponseSpecificationImpl.this$2$validateResponseIfRequired(ResponseSpecificationImpl.groovy)
at java.base/jdk.internal.reflect.DirectMethodHandleAccessor.invoke(DirectMethodHandleAccessor.java:103)
at java.base/java.lang.reflect.Method.invoke(Method.java:580)
at org.codehaus.groovy.runtime.callsite.PlainObjectMetaMethodSite.doInvoke(PlainObjectMetaMethodSite.java:43)
at org.codehaus.groovy.runtime.callsite.PogoMetaMethodSite$PogoCachedMethodSiteNoUnwrapNoCoerce.invoke(PogoMetaMethodSite.java:198)
at org.codehaus.groovy.runtime.callsite.PogoMetaMethodSite.callCurrent(PogoMetaMethodSite.java:62)
at org.codehaus.groovy.runtime.callsite.AbstractCallSite.callCurrent(AbstractCallSite.java:185)
at io.restassured.internal.ResponseSpecificationImpl.statusCode(ResponseSpecificationImpl.groovy:135)
at io.restassured.specification.ResponseSpecification$statusCode$0.callCurrent(Unknown Source)
at io.restassured.internal.ResponseSpecificationImpl.statusCode(ResponseSpecificationImpl.groovy:143)
at io.restassured.internal.ValidatableResponseOptionsImpl.statusCode(ValidatableResponseOptionsImpl.java:89)
at com.epam.elms.integration.api.ReportApiTest.getLeaveReports_noLeaves_returnsEmptyOrNonEmptyArray(ReportApiTest.java:147)
at java.base/jdk.internal.reflect.DirectMethodHandleAccessor.invoke(DirectMethodHandleAccessor.java:103)
at java.base/java.lang.reflect.Method.invoke(Method.java:580)
at org.testng.internal.invokers.MethodInvocationHelper.invokeMethod(MethodInvocationHelper.java:139)
at org.testng.internal.invokers.TestInvoker.invokeMethod(TestInvoker.java:664)
at org.testng.internal.invokers.TestInvoker.invokeTestMethod(TestInvoker.java:228)
at org.testng.internal.invokers.MethodRunner.runInSequence(MethodRunner.java:63)
at org.testng.internal.invokers.TestInvoker$MethodInvocationAgent.invoke(TestInvoker.java:961)
at org.testng.internal.invokers.TestInvoker.invokeTestMethods(TestInvoker.java:201)
at org.testng.internal.invokers.TestMethodWorker.invokeTestMethods(TestMethodWorker.java:148)
at org.testng.internal.invokers.TestMethodWorker.run(TestMethodWorker.java:128)
at java.base/java.util.ArrayList.forEach(ArrayList.java:1596)
at org.testng.TestRunner.privateRun(TestRunner.java:819)
at org.testng.TestRunner.run(TestRunner.java:619)
at org.testng.SuiteRunner.runTest(SuiteRunner.java:443)
at org.testng.SuiteRunner.runSequentially(SuiteRunner.java:437)
at org.testng.SuiteRunner.privateRun(SuiteRunner.java:397)
at org.testng.SuiteRunner.run(SuiteRunner.java:336)
at org.testng.SuiteRunnerWorker.runSuite(SuiteRunnerWorker.java:52)
at org.testng.SuiteRunnerWorker.run(SuiteRunnerWorker.java:95)
at org.testng.TestNG.runSuitesSequentially(TestNG.java:1301)
at org.testng.TestNG.runSuitesLocally(TestNG.java:1228)
at org.testng.TestNG.runSuites(TestNG.java:1134)
at org.testng.TestNG.run(TestNG.java:1101)
at org.apache.maven.surefire.testng.TestNGExecutor.run(TestNGExecutor.java:308)
at org.apache.maven.surefire.testng.TestNGXmlTestSuite.execute(TestNGXmlTestSuite.java:71)
at org.apache.maven.surefire.testng.TestNGProvider.invoke(TestNGProvider.java:113)
at java.base/jdk.internal.reflect.DirectMethodHandleAccessor.invoke(DirectMethodHandleAccessor.java:103)
at java.base/java.lang.reflect.Method.invoke(Method.java:580)
at org.apache.maven.surefire.api.util.ReflectionUtils.invokeMethodWithArray2(ReflectionUtils.java:137)
at org.apache.maven.surefire.booter.ProviderFactory$ProviderProxy.invoke(ProviderFactory.java:148)
at org.apache.maven.surefire.booter.ProviderFactory.invokeProvider(ProviderFactory.java:88)
at org.apache.maven.plugin.surefire.InPluginVMSurefireStarter.runSuitesInProcess(InPluginVMSurefireStarter.java:91)
at org.apache.maven.plugin.surefire.AbstractSurefireMojo.executeProvider(AbstractSurefireMojo.java:1212)
at org.apache.maven.plugin.surefire.AbstractSurefireMojo.executeAfterPreconditionsChecked(AbstractSurefireMojo.java:1090)
at org.apache.maven.plugin.surefire.AbstractSurefireMojo.execute(AbstractSurefireMojo.java:910)
at org.apache.maven.plugin.DefaultBuildPluginManager.executeMojo(DefaultBuildPluginManager.java:126)
at org.apache.maven.lifecycle.internal.MojoExecutor.doExecute2(MojoExecutor.java:328)
at org.apache.maven.lifecycle.internal.MojoExecutor.doExecute(MojoExecutor.java:316)
at org.apache.maven.lifecycle.internal.MojoExecutor.execute(MojoExecutor.java:212)
at org.apache.maven.lifecycle.internal.MojoExecutor.execute(MojoExecutor.java:174)
at org.apache.maven.lifecycle.internal.MojoExecutor.access$000(MojoExecutor.java:75)
at org.apache.maven.lifecycle.internal.MojoExecutor$1.run(MojoExecutor.java:162)
at org.apache.maven.plugin.DefaultMojosExecutionStrategy.execute(DefaultMojosExecutionStrategy.java:39)
at org.apache.maven.lifecycle.internal.MojoExecutor.execute(MojoExecutor.java:159)
at org.apache.maven.lifecycle.internal.LifecycleModuleBuilder.buildProject(LifecycleModuleBuilder.java:105)
at org.apache.maven.lifecycle.internal.LifecycleModuleBuilder.buildProject(LifecycleModuleBuilder.java:73)
at org.apache.maven.lifecycle.internal.builder.singlethreaded.SingleThreadedBuilder.build(SingleThreadedBuilder.java:53)
at org.apache.maven.lifecycle.internal.LifecycleStarter.execute(LifecycleStarter.java:118)
at org.apache.maven.DefaultMaven.doExecute(DefaultMaven.java:261)
at org.apache.maven.DefaultMaven.doExecute(DefaultMaven.java:173)
at org.apache.maven.DefaultMaven.execute(DefaultMaven.java:101)
at org.apache.maven.cli.MavenCli.execute(MavenCli.java:919)
at org.apache.maven.cli.MavenCli.doMain(MavenCli.java:285)
at org.apache.maven.cli.MavenCli.main(MavenCli.java:207)
at java.base/jdk.internal.reflect.DirectMethodHandleAccessor.invoke(DirectMethodHandleAccessor.java:103)
at java.base/java.lang.reflect.Method.invoke(Method.java:580)
at org.codehaus.plexus.classworlds.launcher.Launcher.launchEnhanced(Launcher.java:255)
at org.codehaus.plexus.classworlds.launcher.Launcher.launch(Launcher.java:201)
at org.codehaus.plexus.classworlds.launcher.Launcher.mainWithExitCode(Launcher.java:361)
at org.codehaus.plexus.classworlds.launcher.Launcher.main(Launcher.java:314)
]]>
            </full-stacktrace>
          </exception> <!-- java.lang.AssertionError -->
          <reporter-output>
          </reporter-output>
        </test-method> <!-- getLeaveReports_noLeaves_returnsEmptyOrNonEmptyArray -->
        <test-method signature="getLeaveReports_returnsJsonContentType()[pri:0, instance:com.epam.elms.integration.api.ReportApiTest@4ef5dd23]" started-at="2026-02-25T21:35:12 IST" name="getLeaveReports_returnsJsonContentType" description="GET /reports/leaves – response Content-Type is JSON" finished-at="2026-02-25T21:35:12 IST" duration-ms="14" status="FAIL">
          <exception class="java.lang.AssertionError">
            <message>
              <![CDATA[1 expectation failed.
Expected status code <200> but was <403>.
]]>
            </message>
            <full-stacktrace>
              <![CDATA[java.lang.AssertionError: 1 expectation failed.
Expected status code <200> but was <403>.

at java.base/jdk.internal.reflect.DirectConstructorHandleAccessor.newInstance(DirectConstructorHandleAccessor.java:62)
at java.base/java.lang.reflect.Constructor.newInstanceWithCaller(Constructor.java:502)
at java.base/java.lang.reflect.Constructor.newInstance(Constructor.java:486)
at org.codehaus.groovy.reflection.CachedConstructor.invoke(CachedConstructor.java:73)
at org.codehaus.groovy.runtime.callsite.ConstructorSite$ConstructorSiteNoUnwrapNoCoerce.callConstructor(ConstructorSite.java:108)
at org.codehaus.groovy.runtime.callsite.AbstractCallSite.callConstructor(AbstractCallSite.java:277)
at io.restassured.internal.ResponseSpecificationImpl$HamcrestAssertionClosure.validate(ResponseSpecificationImpl.groovy:512)
at io.restassured.internal.ResponseSpecificationImpl$HamcrestAssertionClosure$validate$1.call(Unknown Source)
at io.restassured.internal.ResponseSpecificationImpl.validateResponseIfRequired(ResponseSpecificationImpl.groovy:696)
at io.restassured.internal.ResponseSpecificationImpl.this$2$validateResponseIfRequired(ResponseSpecificationImpl.groovy)
at java.base/jdk.internal.reflect.DirectMethodHandleAccessor.invoke(DirectMethodHandleAccessor.java:103)
at java.base/java.lang.reflect.Method.invoke(Method.java:580)
at org.codehaus.groovy.runtime.callsite.PlainObjectMetaMethodSite.doInvoke(PlainObjectMetaMethodSite.java:43)
at org.codehaus.groovy.runtime.callsite.PogoMetaMethodSite$PogoCachedMethodSiteNoUnwrapNoCoerce.invoke(PogoMetaMethodSite.java:198)
at org.codehaus.groovy.runtime.callsite.PogoMetaMethodSite.callCurrent(PogoMetaMethodSite.java:62)
at org.codehaus.groovy.runtime.callsite.AbstractCallSite.callCurrent(AbstractCallSite.java:185)
at io.restassured.internal.ResponseSpecificationImpl.statusCode(ResponseSpecificationImpl.groovy:135)
at io.restassured.specification.ResponseSpecification$statusCode$0.callCurrent(Unknown Source)
at io.restassured.internal.ResponseSpecificationImpl.statusCode(ResponseSpecificationImpl.groovy:143)
at io.restassured.internal.ValidatableResponseOptionsImpl.statusCode(ValidatableResponseOptionsImpl.java:89)
at com.epam.elms.integration.api.ReportApiTest.getLeaveReports_returnsJsonContentType(ReportApiTest.java:58)
at java.base/jdk.internal.reflect.DirectMethodHandleAccessor.invoke(DirectMethodHandleAccessor.java:103)
at java.base/java.lang.reflect.Method.invoke(Method.java:580)
at org.testng.internal.invokers.MethodInvocationHelper.invokeMethod(MethodInvocationHelper.java:139)
at org.testng.internal.invokers.TestInvoker.invokeMethod(TestInvoker.java:664)
at org.testng.internal.invokers.TestInvoker.invokeTestMethod(TestInvoker.java:228)
at org.testng.internal.invokers.MethodRunner.runInSequence(MethodRunner.java:63)
at org.testng.internal.invokers.TestInvoker$MethodInvocationAgent.invoke(TestInvoker.java:961)
at org.testng.internal.invokers.TestInvoker.invokeTestMethods(TestInvoker.java:201)
at org.testng.internal.invokers.TestMethodWorker.invokeTestMethods(TestMethodWorker.java:148)
at org.testng.internal.invokers.TestMethodWorker.run(TestMethodWorker.java:128)
at java.base/java.util.ArrayList.forEach(ArrayList.java:1596)
at org.testng.TestRunner.privateRun(TestRunner.java:819)
at org.testng.TestRunner.run(TestRunner.java:619)
at org.testng.SuiteRunner.runTest(SuiteRunner.java:443)
at org.testng.SuiteRunner.runSequentially(SuiteRunner.java:437)
at org.testng.SuiteRunner.privateRun(SuiteRunner.java:397)
at org.testng.SuiteRunner.run(SuiteRunner.java:336)
at org.testng.SuiteRunnerWorker.runSuite(SuiteRunnerWorker.java:52)
at org.testng.SuiteRunnerWorker.run(SuiteRunnerWorker.java:95)
at org.testng.TestNG.runSuitesSequentially(TestNG.java:1301)
at org.testng.TestNG.runSuitesLocally(TestNG.java:1228)
at org.testng.TestNG.runSuites(TestNG.java:1134)
at org.testng.TestNG.run(TestNG.java:1101)
at org.apache.maven.surefire.testng.TestNGExecutor.run(TestNGExecutor.java:308)
at org.apache.maven.surefire.testng.TestNGXmlTestSuite.execute(TestNGXmlTestSuite.java:71)
at org.apache.maven.surefire.testng.TestNGProvider.invoke(TestNGProvider.java:113)
at java.base/jdk.internal.reflect.DirectMethodHandleAccessor.invoke(DirectMethodHandleAccessor.java:103)
at java.base/java.lang.reflect.Method.invoke(Method.java:580)
at org.apache.maven.surefire.api.util.ReflectionUtils.invokeMethodWithArray2(ReflectionUtils.java:137)
at org.apache.maven.surefire.booter.ProviderFactory$ProviderProxy.invoke(ProviderFactory.java:148)
at org.apache.maven.surefire.booter.ProviderFactory.invokeProvider(ProviderFactory.java:88)
at org.apache.maven.plugin.surefire.InPluginVMSurefireStarter.runSuitesInProcess(InPluginVMSurefireStarter.java:91)
at org.apache.maven.plugin.surefire.AbstractSurefireMojo.executeProvider(AbstractSurefireMojo.java:1212)
at org.apache.maven.plugin.surefire.AbstractSurefireMojo.executeAfterPreconditionsChecked(AbstractSurefireMojo.java:1090)
at org.apache.maven.plugin.surefire.AbstractSurefireMojo.execute(AbstractSurefireMojo.java:910)
at org.apache.maven.plugin.DefaultBuildPluginManager.executeMojo(DefaultBuildPluginManager.java:126)
at org.apache.maven.lifecycle.internal.MojoExecutor.doExecute2(MojoExecutor.java:328)
at org.apache.maven.lifecycle.internal.MojoExecutor.doExecute(MojoExecutor.java:316)
at org.apache.maven.lifecycle.internal.MojoExecutor.execute(MojoExecutor.java:212)
at org.apache.maven.lifecycle.internal.MojoExecutor.execute(MojoExecutor.java:174)
at org.apache.maven.lifecycle.internal.MojoExecutor.access$000(MojoExecutor.java:75)
at org.apache.maven.lifecycle.internal.MojoExecutor$1.run(MojoExecutor.java:162)
at org.apache.maven.plugin.DefaultMojosExecutionStrategy.execute(DefaultMojosExecutionStrategy.java:39)
at org.apache.maven.lifecycle.internal.MojoExecutor.execute(MojoExecutor.java:159)
at org.apache.maven.lifecycle.internal.LifecycleModuleBuilder.buildProject(LifecycleModuleBuilder.java:105)
at org.apache.maven.lifecycle.internal.LifecycleModuleBuilder.buildProject(LifecycleModuleBuilder.java:73)
at org.apache.maven.lifecycle.internal.builder.singlethreaded.SingleThreadedBuilder.build(SingleThreadedBuilder.java:53)
at org.apache.maven.lifecycle.internal.LifecycleStarter.execute(LifecycleStarter.java:118)
at org.apache.maven.DefaultMaven.doExecute(DefaultMaven.java:261)
at org.apache.maven.DefaultMaven.doExecute(DefaultMaven.java:173)
at org.apache.maven.DefaultMaven.execute(DefaultMaven.java:101)
at org.apache.maven.cli.MavenCli.execute(MavenCli.java:919)
at org.apache.maven.cli.MavenCli.doMain(MavenCli.java:285)
at org.apache.maven.cli.MavenCli.main(MavenCli.java:207)
at java.base/jdk.internal.reflect.DirectMethodHandleAccessor.invoke(DirectMethodHandleAccessor.java:103)
at java.base/java.lang.reflect.Method.invoke(Method.java:580)
at org.codehaus.plexus.classworlds.launcher.Launcher.launchEnhanced(Launcher.java:255)
at org.codehaus.plexus.classworlds.launcher.Launcher.launch(Launcher.java:201)
at org.codehaus.plexus.classworlds.launcher.Launcher.mainWithExitCode(Launcher.java:361)
at org.codehaus.plexus.classworlds.launcher.Launcher.main(Launcher.java:314)
]]>
            </full-stacktrace>
          </exception> <!-- java.lang.AssertionError -->
          <reporter-output>
          </reporter-output>
        </test-method> <!-- getLeaveReports_returnsJsonContentType -->
      </class> <!-- com.epam.elms.integration.api.ReportApiTest -->
    </test> <!-- Report API Tests -->
  </suite> <!-- ELMS Integration / API Test Suite -->
</testng-results>
